<?xml version="1.0" encoding="UTF-8"?>
<testsuite xmlns:xsi="http://www.w3.org/2001/XMLSchema-instance" xsi:noNamespaceSchemaLocation="https://maven.apache.org/surefire/maven-surefire-plugin/xsd/surefire-test-report-3.0.xsd" version="3.0" name="ru.nsu.store.service.email.MailSenderTest" time="1.044" tests="1" errors="0" skipped="0" failures="0">
  <properties>
    <property name="gopherProxySet" value="false"/>
    <property name="awt.toolkit" value="sun.lwawt.macosx.LWCToolkit"/>
    <property name="java.specification.version" value="11"/>
    <property name="sun.cpu.isalist" value=""/>
    <property name="sun.jnu.encoding" value="UTF-8"/>
    <property name="java.class.path" value="/Users/maratpashentsev/Documents/techmarket/upprpo/target/test-classes:/Users/maratpashentsev/Documents/techmarket/upprpo/target/classes:/Users/maratpashentsev/.m2/repository/org/sonarsource/scanner/maven/sonar-maven-plugin/3.9.1.2184/sonar-maven-plugin-3.9.1.2184.jar:/Users/maratpashentsev/.m2/repository/org/sonatype/plexus/plexus-sec-dispatcher/1.4/plexus-sec-dispatcher-1.4.jar:/Users/maratpashentsev/.m2/repository/org/sonatype/plexus/plexus-cipher/1.4/plexus-cipher-1.4.jar:/Users/maratpashentsev/.m2/repository/org/codehaus/plexus/plexus-utils/3.2.1/plexus-utils-3.2.1.jar:/Users/maratpashentsev/.m2/repository/org/sonarsource/scanner/api/sonar-scanner-api/2.16.2.588/sonar-scanner-api-2.16.2.588.jar:/Users/maratpashentsev/.m2/repository/commons-lang/commons-lang/2.6/commons-lang-2.6.jar:/Users/maratpashentsev/.m2/repository/org/springframework/boot/spring-boot-starter-web/2.3.6.RELEASE/spring-boot-starter-web-2.3.6.RELEASE.jar:/Users/maratpashentsev/.m2/repository/org/springframework/boot/spring-boot-starter/2.3.6.RELEASE/spring-boot-starter-2.3.6.RELEASE.jar:/Users/maratpashentsev/.m2/repository/org/springframework/boot/spring-boot-starter-logging/2.3.6.RELEASE/spring-boot-starter-logging-2.3.6.RELEASE.jar:/Users/maratpashentsev/.m2/repository/ch/qos/logback/logback-classic/1.2.3/logback-classic-1.2.3.jar:/Users/maratpashentsev/.m2/repository/ch/qos/logback/logback-core/1.2.3/logback-core-1.2.3.jar:/Users/maratpashentsev/.m2/repository/org/apache/logging/log4j/log4j-to-slf4j/2.13.3/log4j-to-slf4j-2.13.3.jar:/Users/maratpashentsev/.m2/repository/org/apache/logging/log4j/log4j-api/2.13.3/log4j-api-2.13.3.jar:/Users/maratpashentsev/.m2/repository/org/slf4j/jul-to-slf4j/1.7.30/jul-to-slf4j-1.7.30.jar:/Users/maratpashentsev/.m2/repository/jakarta/annotation/jakarta.annotation-api/1.3.5/jakarta.annotation-api-1.3.5.jar:/Users/maratpashentsev/.m2/repository/org/yaml/snakeyaml/1.26/snakeyaml-1.26.jar:/Users/maratpashentsev/.m2/repository/org/springframework/boot/spring-boot-starter-json/2.3.6.RELEASE/spring-boot-starter-json-2.3.6.RELEASE.jar:/Users/maratpashentsev/.m2/repository/com/fasterxml/jackson/datatype/jackson-datatype-jsr310/2.11.3/jackson-datatype-jsr310-2.11.3.jar:/Users/maratpashentsev/.m2/repository/com/fasterxml/jackson/module/jackson-module-parameter-names/2.11.3/jackson-module-parameter-names-2.11.3.jar:/Users/maratpashentsev/.m2/repository/org/springframework/boot/spring-boot-starter-tomcat/2.3.6.RELEASE/spring-boot-starter-tomcat-2.3.6.RELEASE.jar:/Users/maratpashentsev/.m2/repository/org/apache/tomcat/embed/tomcat-embed-core/9.0.39/tomcat-embed-core-9.0.39.jar:/Users/maratpashentsev/.m2/repository/org/glassfish/jakarta.el/3.0.3/jakarta.el-3.0.3.jar:/Users/maratpashentsev/.m2/repository/org/apache/tomcat/embed/tomcat-embed-websocket/9.0.39/tomcat-embed-websocket-9.0.39.jar:/Users/maratpashentsev/.m2/repository/org/springframework/spring-web/5.2.11.RELEASE/spring-web-5.2.11.RELEASE.jar:/Users/maratpashentsev/.m2/repository/org/springframework/spring-webmvc/5.2.11.RELEASE/spring-webmvc-5.2.11.RELEASE.jar:/Users/maratpashentsev/.m2/repository/org/springframework/boot/spring-boot-devtools/2.3.6.RELEASE/spring-boot-devtools-2.3.6.RELEASE.jar:/Users/maratpashentsev/.m2/repository/org/springframework/boot/spring-boot/2.3.6.RELEASE/spring-boot-2.3.6.RELEASE.jar:/Users/maratpashentsev/.m2/repository/org/springframework/boot/spring-boot-autoconfigure/2.3.6.RELEASE/spring-boot-autoconfigure-2.3.6.RELEASE.jar:/Users/maratpashentsev/.m2/repository/org/postgresql/postgresql/42.2.18/postgresql-42.2.18.jar:/Users/maratpashentsev/.m2/repository/org/checkerframework/checker-qual/3.5.0/checker-qual-3.5.0.jar:/Users/maratpashentsev/.m2/repository/org/springframework/boot/spring-boot-starter-data-jpa/2.3.6.RELEASE/spring-boot-starter-data-jpa-2.3.6.RELEASE.jar:/Users/maratpashentsev/.m2/repository/org/springframework/boot/spring-boot-starter-jdbc/2.3.6.RELEASE/spring-boot-starter-jdbc-2.3.6.RELEASE.jar:/Users/maratpashentsev/.m2/repository/com/zaxxer/HikariCP/3.4.5/HikariCP-3.4.5.jar:/Users/maratpashentsev/.m2/repository/org/springframework/spring-jdbc/5.2.11.RELEASE/spring-jdbc-5.2.11.RELEASE.jar:/Users/maratpashentsev/.m2/repository/jakarta/transaction/jakarta.transaction-api/1.3.3/jakarta.transaction-api-1.3.3.jar:/Users/maratpashentsev/.m2/repository/jakarta/persistence/jakarta.persistence-api/2.2.3/jakarta.persistence-api-2.2.3.jar:/Users/maratpashentsev/.m2/repository/org/hibernate/hibernate-core/5.4.23.Final/hibernate-core-5.4.23.Final.jar:/Users/maratpashentsev/.m2/repository/org/javassist/javassist/3.24.0-GA/javassist-3.24.0-GA.jar:/Users/maratpashentsev/.m2/repository/antlr/antlr/2.7.7/antlr-2.7.7.jar:/Users/maratpashentsev/.m2/repository/org/jboss/jandex/2.1.3.Final/jandex-2.1.3.Final.jar:/Users/maratpashentsev/.m2/repository/org/dom4j/dom4j/2.1.3/dom4j-2.1.3.jar:/Users/maratpashentsev/.m2/repository/org/hibernate/common/hibernate-commons-annotations/5.1.2.Final/hibernate-commons-annotations-5.1.2.Final.jar:/Users/maratpashentsev/.m2/repository/org/glassfish/jaxb/jaxb-runtime/2.3.3/jaxb-runtime-2.3.3.jar:/Users/maratpashentsev/.m2/repository/org/glassfish/jaxb/txw2/2.3.3/txw2-2.3.3.jar:/Users/maratpashentsev/.m2/repository/com/sun/istack/istack-commons-runtime/3.0.11/istack-commons-runtime-3.0.11.jar:/Users/maratpashentsev/.m2/repository/org/springframework/data/spring-data-jpa/2.3.5.RELEASE/spring-data-jpa-2.3.5.RELEASE.jar:/Users/maratpashentsev/.m2/repository/org/springframework/data/spring-data-commons/2.3.5.RELEASE/spring-data-commons-2.3.5.RELEASE.jar:/Users/maratpashentsev/.m2/repository/org/springframework/spring-orm/5.2.11.RELEASE/spring-orm-5.2.11.RELEASE.jar:/Users/maratpashentsev/.m2/repository/org/springframework/spring-tx/5.2.11.RELEASE/spring-tx-5.2.11.RELEASE.jar:/Users/maratpashentsev/.m2/repository/org/springframework/spring-aspects/5.2.11.RELEASE/spring-aspects-5.2.11.RELEASE.jar:/Users/maratpashentsev/.m2/repository/org/springframework/boot/spring-boot-starter-security/2.3.6.RELEASE/spring-boot-starter-security-2.3.6.RELEASE.jar:/Users/maratpashentsev/.m2/repository/org/springframework/spring-aop/5.2.11.RELEASE/spring-aop-5.2.11.RELEASE.jar:/Users/maratpashentsev/.m2/repository/org/springframework/security/spring-security-config/5.3.5.RELEASE/spring-security-config-5.3.5.RELEASE.jar:/Users/maratpashentsev/.m2/repository/org/springframework/security/spring-security-web/5.3.5.RELEASE/spring-security-web-5.3.5.RELEASE.jar:/Users/maratpashentsev/.m2/repository/org/springframework/security/spring-security-test/5.3.5.RELEASE/spring-security-test-5.3.5.RELEASE.jar:/Users/maratpashentsev/.m2/repository/org/springframework/security/spring-security-core/5.3.5.RELEASE/spring-security-core-5.3.5.RELEASE.jar:/Users/maratpashentsev/.m2/repository/org/springframework/spring-core/5.2.11.RELEASE/spring-core-5.2.11.RELEASE.jar:/Users/maratpashentsev/.m2/repository/org/springframework/spring-jcl/5.2.11.RELEASE/spring-jcl-5.2.11.RELEASE.jar:/Users/maratpashentsev/.m2/repository/org/springframework/security/spring-security-taglibs/5.3.5.RELEASE/spring-security-taglibs-5.3.5.RELEASE.jar:/Users/maratpashentsev/.m2/repository/org/springframework/security/spring-security-acl/5.3.5.RELEASE/spring-security-acl-5.3.5.RELEASE.jar:/Users/maratpashentsev/.m2/repository/org/springframework/spring-beans/5.2.11.RELEASE/spring-beans-5.2.11.RELEASE.jar:/Users/maratpashentsev/.m2/repository/org/springframework/spring-context/5.2.11.RELEASE/spring-context-5.2.11.RELEASE.jar:/Users/maratpashentsev/.m2/repository/org/springframework/spring-expression/5.2.11.RELEASE/spring-expression-5.2.11.RELEASE.jar:/Users/maratpashentsev/.m2/repository/org/springframework/security/spring-security-oauth2-client/5.3.5.RELEASE/spring-security-oauth2-client-5.3.5.RELEASE.jar:/Users/maratpashentsev/.m2/repository/com/nimbusds/oauth2-oidc-sdk/7.1.1/oauth2-oidc-sdk-7.1.1.jar:/Users/maratpashentsev/.m2/repository/com/github/stephenc/jcip/jcip-annotations/1.0-1/jcip-annotations-1.0-1.jar:/Users/maratpashentsev/.m2/repository/com/nimbusds/content-type/2.0/content-type-2.0.jar:/Users/maratpashentsev/.m2/repository/net/minidev/json-smart/2.3/json-smart-2.3.jar:/Users/maratpashentsev/.m2/repository/net/minidev/accessors-smart/1.2/accessors-smart-1.2.jar:/Users/maratpashentsev/.m2/repository/org/ow2/asm/asm/5.0.4/asm-5.0.4.jar:/Users/maratpashentsev/.m2/repository/com/nimbusds/lang-tag/1.4.4/lang-tag-1.4.4.jar:/Users/maratpashentsev/.m2/repository/com/nimbusds/nimbus-jose-jwt/8.19/nimbus-jose-jwt-8.19.jar:/Users/maratpashentsev/.m2/repository/com/sun/mail/javax.mail/1.6.1/javax.mail-1.6.1.jar:/Users/maratpashentsev/.m2/repository/javax/activation/activation/1.1/activation-1.1.jar:/Users/maratpashentsev/.m2/repository/org/springframework/security/spring-security-oauth2-core/5.3.5.RELEASE/spring-security-oauth2-core-5.3.5.RELEASE.jar:/Users/maratpashentsev/.m2/repository/org/springframework/boot/spring-boot-starter-mail/2.3.6.RELEASE/spring-boot-starter-mail-2.3.6.RELEASE.jar:/Users/maratpashentsev/.m2/repository/org/springframework/spring-context-support/5.2.11.RELEASE/spring-context-support-5.2.11.RELEASE.jar:/Users/maratpashentsev/.m2/repository/com/sun/mail/jakarta.mail/1.6.5/jakarta.mail-1.6.5.jar:/Users/maratpashentsev/.m2/repository/com/sun/activation/jakarta.activation/1.2.2/jakarta.activation-1.2.2.jar:/Users/maratpashentsev/.m2/repository/org/projectlombok/lombok/1.18.22/lombok-1.18.22.jar:/Users/maratpashentsev/.m2/repository/org/flywaydb/flyway-core/5.2.4/flyway-core-5.2.4.jar:/Users/maratpashentsev/.m2/repository/javax/xml/bind/jaxb-api/2.3.0/jaxb-api-2.3.0.jar:/Users/maratpashentsev/.m2/repository/com/sun/xml/bind/jaxb-core/2.3.0/jaxb-core-2.3.0.jar:/Users/maratpashentsev/.m2/repository/com/sun/xml/bind/jaxb-impl/2.3.0/jaxb-impl-2.3.0.jar:/Users/maratpashentsev/.m2/repository/io/jsonwebtoken/jjwt/0.9.1/jjwt-0.9.1.jar:/Users/maratpashentsev/.m2/repository/com/fasterxml/jackson/core/jackson-databind/2.11.3/jackson-databind-2.11.3.jar:/Users/maratpashentsev/.m2/repository/com/fasterxml/jackson/core/jackson-annotations/2.11.3/jackson-annotations-2.11.3.jar:/Users/maratpashentsev/.m2/repository/org/modelmapper/modelmapper/2.3.9/modelmapper-2.3.9.jar:/Users/maratpashentsev/.m2/repository/javax/validation/validation-api/2.0.1.Final/validation-api-2.0.1.Final.jar:/Users/maratpashentsev/.m2/repository/org/hibernate/validator/hibernate-validator/6.1.6.Final/hibernate-validator-6.1.6.Final.jar:/Users/maratpashentsev/.m2/repository/jakarta/validation/jakarta.validation-api/2.0.2/jakarta.validation-api-2.0.2.jar:/Users/maratpashentsev/.m2/repository/org/jboss/logging/jboss-logging/3.4.1.Final/jboss-logging-3.4.1.Final.jar:/Users/maratpashentsev/.m2/repository/com/fasterxml/classmate/1.5.1/classmate-1.5.1.jar:/Users/maratpashentsev/.m2/repository/com/graphql-java/graphql-spring-boot-starter/5.0.2/graphql-spring-boot-starter-5.0.2.jar:/Users/maratpashentsev/.m2/repository/com/graphql-java/graphql-spring-boot-autoconfigure/5.0.2/graphql-spring-boot-autoconfigure-5.0.2.jar:/Users/maratpashentsev/.m2/repository/org/springframework/boot/spring-boot-configuration-processor/2.3.6.RELEASE/spring-boot-configuration-processor-2.3.6.RELEASE.jar:/Users/maratpashentsev/.m2/repository/com/graphql-java/graphql-java-servlet/6.1.2/graphql-java-servlet-6.1.2.jar:/Users/maratpashentsev/.m2/repository/javax/servlet/javax.servlet-api/4.0.1/javax.servlet-api-4.0.1.jar:/Users/maratpashentsev/.m2/repository/javax/websocket/javax.websocket-api/1.1/javax.websocket-api-1.1.jar:/Users/maratpashentsev/.m2/repository/commons-io/commons-io/2.6/commons-io-2.6.jar:/Users/maratpashentsev/.m2/repository/com/graphql-java/graphql-java-tools/5.2.4/graphql-java-tools-5.2.4.jar:/Users/maratpashentsev/.m2/repository/org/jetbrains/kotlin/kotlin-stdlib/1.3.72/kotlin-stdlib-1.3.72.jar:/Users/maratpashentsev/.m2/repository/org/jetbrains/kotlin/kotlin-stdlib-common/1.3.72/kotlin-stdlib-common-1.3.72.jar:/Users/maratpashentsev/.m2/repository/org/jetbrains/annotations/13.0/annotations-13.0.jar:/Users/maratpashentsev/.m2/repository/com/graphql-java/graphql-java/9.2/graphql-java-9.2.jar:/Users/maratpashentsev/.m2/repository/org/antlr/antlr4-runtime/4.7.1/antlr4-runtime-4.7.1.jar:/Users/maratpashentsev/.m2/repository/com/graphql-java/java-dataloader/2.0.2/java-dataloader-2.0.2.jar:/Users/maratpashentsev/.m2/repository/org/reactivestreams/reactive-streams/1.0.3/reactive-streams-1.0.3.jar:/Users/maratpashentsev/.m2/repository/com/fasterxml/jackson/core/jackson-core/2.11.3/jackson-core-2.11.3.jar:/Users/maratpashentsev/.m2/repository/com/fasterxml/jackson/module/jackson-module-kotlin/2.11.3/jackson-module-kotlin-2.11.3.jar:/Users/maratpashentsev/.m2/repository/org/jetbrains/kotlin/kotlin-reflect/1.3.72/kotlin-reflect-1.3.72.jar:/Users/maratpashentsev/.m2/repository/com/fasterxml/jackson/datatype/jackson-datatype-jdk8/2.11.3/jackson-datatype-jdk8-2.11.3.jar:/Users/maratpashentsev/.m2/repository/com/esotericsoftware/reflectasm/1.11.7/reflectasm-1.11.7.jar:/Users/maratpashentsev/.m2/repository/org/apache/commons/commons-lang3/3.10/commons-lang3-3.10.jar:/Users/maratpashentsev/.m2/repository/com/google/guava/guava/26.0-jre/guava-26.0-jre.jar:/Users/maratpashentsev/.m2/repository/com/google/code/findbugs/jsr305/3.0.2/jsr305-3.0.2.jar:/Users/maratpashentsev/.m2/repository/com/google/errorprone/error_prone_annotations/2.1.3/error_prone_annotations-2.1.3.jar:/Users/maratpashentsev/.m2/repository/com/google/j2objc/j2objc-annotations/1.1/j2objc-annotations-1.1.jar:/Users/maratpashentsev/.m2/repository/org/codehaus/mojo/animal-sniffer-annotations/1.14/animal-sniffer-annotations-1.14.jar:/Users/maratpashentsev/.m2/repository/org/slf4j/slf4j-api/1.7.30/slf4j-api-1.7.30.jar:/Users/maratpashentsev/.m2/repository/org/springframework/boot/spring-boot-starter-aop/2.4.3/spring-boot-starter-aop-2.4.3.jar:/Users/maratpashentsev/.m2/repository/org/aspectj/aspectjweaver/1.9.6/aspectjweaver-1.9.6.jar:/Users/maratpashentsev/.m2/repository/io/springfox/springfox-swagger-common/2.9.2/springfox-swagger-common-2.9.2.jar:/Users/maratpashentsev/.m2/repository/io/swagger/swagger-annotations/1.5.20/swagger-annotations-1.5.20.jar:/Users/maratpashentsev/.m2/repository/io/swagger/swagger-models/1.5.20/swagger-models-1.5.20.jar:/Users/maratpashentsev/.m2/repository/io/springfox/springfox-spi/2.9.2/springfox-spi-2.9.2.jar:/Users/maratpashentsev/.m2/repository/io/springfox/springfox-core/2.9.2/springfox-core-2.9.2.jar:/Users/maratpashentsev/.m2/repository/io/springfox/springfox-schema/2.9.2/springfox-schema-2.9.2.jar:/Users/maratpashentsev/.m2/repository/io/springfox/springfox-spring-web/2.9.2/springfox-spring-web-2.9.2.jar:/Users/maratpashentsev/.m2/repository/org/springframework/plugin/spring-plugin-core/1.2.0.RELEASE/spring-plugin-core-1.2.0.RELEASE.jar:/Users/maratpashentsev/.m2/repository/org/springframework/plugin/spring-plugin-metadata/1.2.0.RELEASE/spring-plugin-metadata-1.2.0.RELEASE.jar:/Users/maratpashentsev/.m2/repository/io/springfox/springfox-swagger2/2.9.2/springfox-swagger2-2.9.2.jar:/Users/maratpashentsev/.m2/repository/org/mapstruct/mapstruct/1.2.0.Final/mapstruct-1.2.0.Final.jar:/Users/maratpashentsev/.m2/repository/io/springfox/springfox-swagger-ui/2.9.2/springfox-swagger-ui-2.9.2.jar:/Users/maratpashentsev/.m2/repository/io/springfox/springfox-bean-validators/2.9.2/springfox-bean-validators-2.9.2.jar:/Users/maratpashentsev/.m2/repository/org/springframework/boot/spring-boot-starter-websocket/2.3.6.RELEASE/spring-boot-starter-websocket-2.3.6.RELEASE.jar:/Users/maratpashentsev/.m2/repository/org/springframework/spring-messaging/5.2.11.RELEASE/spring-messaging-5.2.11.RELEASE.jar:/Users/maratpashentsev/.m2/repository/org/springframework/spring-websocket/5.2.11.RELEASE/spring-websocket-5.2.11.RELEASE.jar:/Users/maratpashentsev/.m2/repository/com/amazonaws/aws-java-sdk/1.11.133/aws-java-sdk-1.11.133.jar:/Users/maratpashentsev/.m2/repository/com/amazonaws/aws-java-sdk-athena/1.11.133/aws-java-sdk-athena-1.11.133.jar:/Users/maratpashentsev/.m2/repository/com/amazonaws/jmespath-java/1.11.133/jmespath-java-1.11.133.jar:/Users/maratpashentsev/.m2/repository/com/amazonaws/aws-java-sdk-marketplaceentitlement/1.11.133/aws-java-sdk-marketplaceentitlement-1.11.133.jar:/Users/maratpashentsev/.m2/repository/com/amazonaws/aws-java-sdk-codestar/1.11.133/aws-java-sdk-codestar-1.11.133.jar:/Users/maratpashentsev/.m2/repository/com/amazonaws/aws-java-sdk-lexmodelbuilding/1.11.133/aws-java-sdk-lexmodelbuilding-1.11.133.jar:/Users/maratpashentsev/.m2/repository/com/amazonaws/aws-java-sdk-resourcegroupstaggingapi/1.11.133/aws-java-sdk-resourcegroupstaggingapi-1.11.133.jar:/Users/maratpashentsev/.m2/repository/com/amazonaws/aws-java-sdk-pinpoint/1.11.133/aws-java-sdk-pinpoint-1.11.133.jar:/Users/maratpashentsev/.m2/repository/com/amazonaws/aws-java-sdk-xray/1.11.133/aws-java-sdk-xray-1.11.133.jar:/Users/maratpashentsev/.m2/repository/com/amazonaws/aws-java-sdk-opsworkscm/1.11.133/aws-java-sdk-opsworkscm-1.11.133.jar:/Users/maratpashentsev/.m2/repository/com/amazonaws/aws-java-sdk-support/1.11.133/aws-java-sdk-support-1.11.133.jar:/Users/maratpashentsev/.m2/repository/com/amazonaws/aws-java-sdk-simpledb/1.11.133/aws-java-sdk-simpledb-1.11.133.jar:/Users/maratpashentsev/.m2/repository/com/amazonaws/aws-java-sdk-servicecatalog/1.11.133/aws-java-sdk-servicecatalog-1.11.133.jar:/Users/maratpashentsev/.m2/repository/com/amazonaws/aws-java-sdk-servermigration/1.11.133/aws-java-sdk-servermigration-1.11.133.jar:/Users/maratpashentsev/.m2/repository/com/amazonaws/aws-java-sdk-simpleworkflow/1.11.133/aws-java-sdk-simpleworkflow-1.11.133.jar:/Users/maratpashentsev/.m2/repository/com/amazonaws/aws-java-sdk-storagegateway/1.11.133/aws-java-sdk-storagegateway-1.11.133.jar:/Users/maratpashentsev/.m2/repository/com/amazonaws/aws-java-sdk-route53/1.11.133/aws-java-sdk-route53-1.11.133.jar:/Users/maratpashentsev/.m2/repository/com/amazonaws/aws-java-sdk-s3/1.11.133/aws-java-sdk-s3-1.11.133.jar:/Users/maratpashentsev/.m2/repository/com/amazonaws/aws-java-sdk-importexport/1.11.133/aws-java-sdk-importexport-1.11.133.jar:/Users/maratpashentsev/.m2/repository/com/amazonaws/aws-java-sdk-sts/1.11.133/aws-java-sdk-sts-1.11.133.jar:/Users/maratpashentsev/.m2/repository/com/amazonaws/aws-java-sdk-sqs/1.11.133/aws-java-sdk-sqs-1.11.133.jar:/Users/maratpashentsev/.m2/repository/com/amazonaws/aws-java-sdk-rds/1.11.133/aws-java-sdk-rds-1.11.133.jar:/Users/maratpashentsev/.m2/repository/com/amazonaws/aws-java-sdk-redshift/1.11.133/aws-java-sdk-redshift-1.11.133.jar:/Users/maratpashentsev/.m2/repository/com/amazonaws/aws-java-sdk-elasticbeanstalk/1.11.133/aws-java-sdk-elasticbeanstalk-1.11.133.jar:/Users/maratpashentsev/.m2/repository/com/amazonaws/aws-java-sdk-glacier/1.11.133/aws-java-sdk-glacier-1.11.133.jar:/Users/maratpashentsev/.m2/repository/com/amazonaws/aws-java-sdk-iam/1.11.133/aws-java-sdk-iam-1.11.133.jar:/Users/maratpashentsev/.m2/repository/com/amazonaws/aws-java-sdk-datapipeline/1.11.133/aws-java-sdk-datapipeline-1.11.133.jar:/Users/maratpashentsev/.m2/repository/com/amazonaws/aws-java-sdk-elasticloadbalancing/1.11.133/aws-java-sdk-elasticloadbalancing-1.11.133.jar:/Users/maratpashentsev/.m2/repository/com/amazonaws/aws-java-sdk-elasticloadbalancingv2/1.11.133/aws-java-sdk-elasticloadbalancingv2-1.11.133.jar:/Users/maratpashentsev/.m2/repository/com/amazonaws/aws-java-sdk-emr/1.11.133/aws-java-sdk-emr-1.11.133.jar:/Users/maratpashentsev/.m2/repository/com/amazonaws/aws-java-sdk-elasticache/1.11.133/aws-java-sdk-elasticache-1.11.133.jar:/Users/maratpashentsev/.m2/repository/com/amazonaws/aws-java-sdk-elastictranscoder/1.11.133/aws-java-sdk-elastictranscoder-1.11.133.jar:/Users/maratpashentsev/.m2/repository/com/amazonaws/aws-java-sdk-ec2/1.11.133/aws-java-sdk-ec2-1.11.133.jar:/Users/maratpashentsev/.m2/repository/com/amazonaws/aws-java-sdk-dynamodb/1.11.133/aws-java-sdk-dynamodb-1.11.133.jar:/Users/maratpashentsev/.m2/repository/com/amazonaws/aws-java-sdk-sns/1.11.133/aws-java-sdk-sns-1.11.133.jar:/Users/maratpashentsev/.m2/repository/com/amazonaws/aws-java-sdk-budgets/1.11.133/aws-java-sdk-budgets-1.11.133.jar:/Users/maratpashentsev/.m2/repository/com/amazonaws/aws-java-sdk-cloudtrail/1.11.133/aws-java-sdk-cloudtrail-1.11.133.jar:/Users/maratpashentsev/.m2/repository/com/amazonaws/aws-java-sdk-cloudwatch/1.11.133/aws-java-sdk-cloudwatch-1.11.133.jar:/Users/maratpashentsev/.m2/repository/com/amazonaws/aws-java-sdk-logs/1.11.133/aws-java-sdk-logs-1.11.133.jar:/Users/maratpashentsev/.m2/repository/com/amazonaws/aws-java-sdk-events/1.11.133/aws-java-sdk-events-1.11.133.jar:/Users/maratpashentsev/.m2/repository/com/amazonaws/aws-java-sdk-cognitoidentity/1.11.133/aws-java-sdk-cognitoidentity-1.11.133.jar:/Users/maratpashentsev/.m2/repository/com/amazonaws/aws-java-sdk-cognitosync/1.11.133/aws-java-sdk-cognitosync-1.11.133.jar:/Users/maratpashentsev/.m2/repository/com/amazonaws/aws-java-sdk-directconnect/1.11.133/aws-java-sdk-directconnect-1.11.133.jar:/Users/maratpashentsev/.m2/repository/com/amazonaws/aws-java-sdk-cloudformation/1.11.133/aws-java-sdk-cloudformation-1.11.133.jar:/Users/maratpashentsev/.m2/repository/com/amazonaws/aws-java-sdk-cloudfront/1.11.133/aws-java-sdk-cloudfront-1.11.133.jar:/Users/maratpashentsev/.m2/repository/com/amazonaws/aws-java-sdk-clouddirectory/1.11.133/aws-java-sdk-clouddirectory-1.11.133.jar:/Users/maratpashentsev/.m2/repository/com/amazonaws/aws-java-sdk-kinesis/1.11.133/aws-java-sdk-kinesis-1.11.133.jar:/Users/maratpashentsev/.m2/repository/com/amazonaws/aws-java-sdk-opsworks/1.11.133/aws-java-sdk-opsworks-1.11.133.jar:/Users/maratpashentsev/.m2/repository/com/amazonaws/aws-java-sdk-ses/1.11.133/aws-java-sdk-ses-1.11.133.jar:/Users/maratpashentsev/.m2/repository/com/amazonaws/aws-java-sdk-autoscaling/1.11.133/aws-java-sdk-autoscaling-1.11.133.jar:/Users/maratpashentsev/.m2/repository/com/amazonaws/aws-java-sdk-cloudsearch/1.11.133/aws-java-sdk-cloudsearch-1.11.133.jar:/Users/maratpashentsev/.m2/repository/com/amazonaws/aws-java-sdk-cloudwatchmetrics/1.11.133/aws-java-sdk-cloudwatchmetrics-1.11.133.jar:/Users/maratpashentsev/.m2/repository/com/amazonaws/aws-java-sdk-codedeploy/1.11.133/aws-java-sdk-codedeploy-1.11.133.jar:/Users/maratpashentsev/.m2/repository/com/amazonaws/aws-java-sdk-codepipeline/1.11.133/aws-java-sdk-codepipeline-1.11.133.jar:/Users/maratpashentsev/.m2/repository/com/amazonaws/aws-java-sdk-kms/1.11.133/aws-java-sdk-kms-1.11.133.jar:/Users/maratpashentsev/.m2/repository/com/amazonaws/aws-java-sdk-config/1.11.133/aws-java-sdk-config-1.11.133.jar:/Users/maratpashentsev/.m2/repository/com/amazonaws/aws-java-sdk-lambda/1.11.133/aws-java-sdk-lambda-1.11.133.jar:/Users/maratpashentsev/.m2/repository/com/amazonaws/aws-java-sdk-ecs/1.11.133/aws-java-sdk-ecs-1.11.133.jar:/Users/maratpashentsev/.m2/repository/com/amazonaws/aws-java-sdk-ecr/1.11.133/aws-java-sdk-ecr-1.11.133.jar:/Users/maratpashentsev/.m2/repository/com/amazonaws/aws-java-sdk-cloudhsm/1.11.133/aws-java-sdk-cloudhsm-1.11.133.jar:/Users/maratpashentsev/.m2/repository/com/amazonaws/aws-java-sdk-ssm/1.11.133/aws-java-sdk-ssm-1.11.133.jar:/Users/maratpashentsev/.m2/repository/com/amazonaws/aws-java-sdk-workspaces/1.11.133/aws-java-sdk-workspaces-1.11.133.jar:/Users/maratpashentsev/.m2/repository/com/amazonaws/aws-java-sdk-machinelearning/1.11.133/aws-java-sdk-machinelearning-1.11.133.jar:/Users/maratpashentsev/.m2/repository/com/amazonaws/aws-java-sdk-directory/1.11.133/aws-java-sdk-directory-1.11.133.jar:/Users/maratpashentsev/.m2/repository/com/amazonaws/aws-java-sdk-efs/1.11.133/aws-java-sdk-efs-1.11.133.jar:/Users/maratpashentsev/.m2/repository/com/amazonaws/aws-java-sdk-codecommit/1.11.133/aws-java-sdk-codecommit-1.11.133.jar:/Users/maratpashentsev/.m2/repository/com/amazonaws/aws-java-sdk-devicefarm/1.11.133/aws-java-sdk-devicefarm-1.11.133.jar:/Users/maratpashentsev/.m2/repository/com/amazonaws/aws-java-sdk-elasticsearch/1.11.133/aws-java-sdk-elasticsearch-1.11.133.jar:/Users/maratpashentsev/.m2/repository/com/amazonaws/aws-java-sdk-waf/1.11.133/aws-java-sdk-waf-1.11.133.jar:/Users/maratpashentsev/.m2/repository/com/amazonaws/aws-java-sdk-marketplacecommerceanalytics/1.11.133/aws-java-sdk-marketplacecommerceanalytics-1.11.133.jar:/Users/maratpashentsev/.m2/repository/com/amazonaws/aws-java-sdk-inspector/1.11.133/aws-java-sdk-inspector-1.11.133.jar:/Users/maratpashentsev/.m2/repository/com/amazonaws/aws-java-sdk-iot/1.11.133/aws-java-sdk-iot-1.11.133.jar:/Users/maratpashentsev/.m2/repository/com/amazonaws/aws-java-sdk-api-gateway/1.11.133/aws-java-sdk-api-gateway-1.11.133.jar:/Users/maratpashentsev/.m2/repository/com/amazonaws/aws-java-sdk-acm/1.11.133/aws-java-sdk-acm-1.11.133.jar:/Users/maratpashentsev/.m2/repository/com/amazonaws/aws-java-sdk-gamelift/1.11.133/aws-java-sdk-gamelift-1.11.133.jar:/Users/maratpashentsev/.m2/repository/com/amazonaws/aws-java-sdk-dms/1.11.133/aws-java-sdk-dms-1.11.133.jar:/Users/maratpashentsev/.m2/repository/com/amazonaws/aws-java-sdk-marketplacemeteringservice/1.11.133/aws-java-sdk-marketplacemeteringservice-1.11.133.jar:/Users/maratpashentsev/.m2/repository/com/amazonaws/aws-java-sdk-cognitoidp/1.11.133/aws-java-sdk-cognitoidp-1.11.133.jar:/Users/maratpashentsev/.m2/repository/com/amazonaws/aws-java-sdk-discovery/1.11.133/aws-java-sdk-discovery-1.11.133.jar:/Users/maratpashentsev/.m2/repository/com/amazonaws/aws-java-sdk-applicationautoscaling/1.11.133/aws-java-sdk-applicationautoscaling-1.11.133.jar:/Users/maratpashentsev/.m2/repository/com/amazonaws/aws-java-sdk-snowball/1.11.133/aws-java-sdk-snowball-1.11.133.jar:/Users/maratpashentsev/.m2/repository/com/amazonaws/aws-java-sdk-rekognition/1.11.133/aws-java-sdk-rekognition-1.11.133.jar:/Users/maratpashentsev/.m2/repository/com/amazonaws/aws-java-sdk-polly/1.11.133/aws-java-sdk-polly-1.11.133.jar:/Users/maratpashentsev/.m2/repository/com/amazonaws/aws-java-sdk-lightsail/1.11.133/aws-java-sdk-lightsail-1.11.133.jar:/Users/maratpashentsev/.m2/repository/com/amazonaws/aws-java-sdk-stepfunctions/1.11.133/aws-java-sdk-stepfunctions-1.11.133.jar:/Users/maratpashentsev/.m2/repository/com/amazonaws/aws-java-sdk-health/1.11.133/aws-java-sdk-health-1.11.133.jar:/Users/maratpashentsev/.m2/repository/com/amazonaws/aws-java-sdk-costandusagereport/1.11.133/aws-java-sdk-costandusagereport-1.11.133.jar:/Users/maratpashentsev/.m2/repository/com/amazonaws/aws-java-sdk-codebuild/1.11.133/aws-java-sdk-codebuild-1.11.133.jar:/Users/maratpashentsev/.m2/repository/com/amazonaws/aws-java-sdk-appstream/1.11.133/aws-java-sdk-appstream-1.11.133.jar:/Users/maratpashentsev/.m2/repository/com/amazonaws/aws-java-sdk-shield/1.11.133/aws-java-sdk-shield-1.11.133.jar:/Users/maratpashentsev/.m2/repository/com/amazonaws/aws-java-sdk-batch/1.11.133/aws-java-sdk-batch-1.11.133.jar:/Users/maratpashentsev/.m2/repository/com/amazonaws/aws-java-sdk-lex/1.11.133/aws-java-sdk-lex-1.11.133.jar:/Users/maratpashentsev/.m2/repository/com/amazonaws/aws-java-sdk-mechanicalturkrequester/1.11.133/aws-java-sdk-mechanicalturkrequester-1.11.133.jar:/Users/maratpashentsev/.m2/repository/com/amazonaws/aws-java-sdk-organizations/1.11.133/aws-java-sdk-organizations-1.11.133.jar:/Users/maratpashentsev/.m2/repository/com/amazonaws/aws-java-sdk-workdocs/1.11.133/aws-java-sdk-workdocs-1.11.133.jar:/Users/maratpashentsev/.m2/repository/com/amazonaws/aws-java-sdk-core/1.11.133/aws-java-sdk-core-1.11.133.jar:/Users/maratpashentsev/.m2/repository/commons-logging/commons-logging/1.1.3/commons-logging-1.1.3.jar:/Users/maratpashentsev/.m2/repository/org/apache/httpcomponents/httpclient/4.5.13/httpclient-4.5.13.jar:/Users/maratpashentsev/.m2/repository/org/apache/httpcomponents/httpcore/4.4.13/httpcore-4.4.13.jar:/Users/maratpashentsev/.m2/repository/commons-codec/commons-codec/1.14/commons-codec-1.14.jar:/Users/maratpashentsev/.m2/repository/software/amazon/ion/ion-java/1.0.2/ion-java-1.0.2.jar:/Users/maratpashentsev/.m2/repository/com/fasterxml/jackson/dataformat/jackson-dataformat-cbor/2.11.3/jackson-dataformat-cbor-2.11.3.jar:/Users/maratpashentsev/.m2/repository/joda-time/joda-time/2.8.1/joda-time-2.8.1.jar:/Users/maratpashentsev/.m2/repository/com/amazonaws/aws-java-sdk-models/1.11.133/aws-java-sdk-models-1.11.133.jar:/Users/maratpashentsev/.m2/repository/com/amazonaws/aws-java-sdk-swf-libraries/1.11.22/aws-java-sdk-swf-libraries-1.11.22.jar:/Users/maratpashentsev/.m2/repository/org/thymeleaf/thymeleaf/3.0.11.RELEASE/thymeleaf-3.0.11.RELEASE.jar:/Users/maratpashentsev/.m2/repository/ognl/ognl/3.1.12/ognl-3.1.12.jar:/Users/maratpashentsev/.m2/repository/org/attoparser/attoparser/2.0.5.RELEASE/attoparser-2.0.5.RELEASE.jar:/Users/maratpashentsev/.m2/repository/org/unbescape/unbescape/1.1.6.RELEASE/unbescape-1.1.6.RELEASE.jar:/Users/maratpashentsev/.m2/repository/org/thymeleaf/thymeleaf-spring5/3.0.11.RELEASE/thymeleaf-spring5-3.0.11.RELEASE.jar:/Users/maratpashentsev/.m2/repository/org/springframework/boot/spring-boot-starter-test/2.3.6.RELEASE/spring-boot-starter-test-2.3.6.RELEASE.jar:/Users/maratpashentsev/.m2/repository/org/springframework/boot/spring-boot-test/2.3.6.RELEASE/spring-boot-test-2.3.6.RELEASE.jar:/Users/maratpashentsev/.m2/repository/org/springframework/boot/spring-boot-test-autoconfigure/2.3.6.RELEASE/spring-boot-test-autoconfigure-2.3.6.RELEASE.jar:/Users/maratpashentsev/.m2/repository/com/jayway/jsonpath/json-path/2.4.0/json-path-2.4.0.jar:/Users/maratpashentsev/.m2/repository/jakarta/xml/bind/jakarta.xml.bind-api/2.3.3/jakarta.xml.bind-api-2.3.3.jar:/Users/maratpashentsev/.m2/repository/jakarta/activation/jakarta.activation-api/1.2.2/jakarta.activation-api-1.2.2.jar:/Users/maratpashentsev/.m2/repository/org/assertj/assertj-core/3.16.1/assertj-core-3.16.1.jar:/Users/maratpashentsev/.m2/repository/org/hamcrest/hamcrest/2.2/hamcrest-2.2.jar:/Users/maratpashentsev/.m2/repository/org/junit/jupiter/junit-jupiter/5.6.3/junit-jupiter-5.6.3.jar:/Users/maratpashentsev/.m2/repository/org/junit/jupiter/junit-jupiter-api/5.6.3/junit-jupiter-api-5.6.3.jar:/Users/maratpashentsev/.m2/repository/org/opentest4j/opentest4j/1.2.0/opentest4j-1.2.0.jar:/Users/maratpashentsev/.m2/repository/org/junit/platform/junit-platform-commons/1.6.3/junit-platform-commons-1.6.3.jar:/Users/maratpashentsev/.m2/repository/org/junit/jupiter/junit-jupiter-params/5.6.3/junit-jupiter-params-5.6.3.jar:/Users/maratpashentsev/.m2/repository/org/junit/jupiter/junit-jupiter-engine/5.6.3/junit-jupiter-engine-5.6.3.jar:/Users/maratpashentsev/.m2/repository/org/junit/vintage/junit-vintage-engine/5.6.3/junit-vintage-engine-5.6.3.jar:/Users/maratpashentsev/.m2/repository/org/apiguardian/apiguardian-api/1.1.0/apiguardian-api-1.1.0.jar:/Users/maratpashentsev/.m2/repository/org/junit/platform/junit-platform-engine/1.6.3/junit-platform-engine-1.6.3.jar:/Users/maratpashentsev/.m2/repository/junit/junit/4.13.1/junit-4.13.1.jar:/Users/maratpashentsev/.m2/repository/org/mockito/mockito-junit-jupiter/3.3.3/mockito-junit-jupiter-3.3.3.jar:/Users/maratpashentsev/.m2/repository/org/skyscreamer/jsonassert/1.5.0/jsonassert-1.5.0.jar:/Users/maratpashentsev/.m2/repository/com/vaadin/external/google/android-json/0.0.20131108.vaadin1/android-json-0.0.20131108.vaadin1.jar:/Users/maratpashentsev/.m2/repository/org/xmlunit/xmlunit-core/2.7.0/xmlunit-core-2.7.0.jar:/Users/maratpashentsev/.m2/repository/org/springframework/spring-test/5.2.1.RELEASE/spring-test-5.2.1.RELEASE.jar:/Users/maratpashentsev/.m2/repository/org/mockito/mockito-inline/4.5.1/mockito-inline-4.5.1.jar:/Users/maratpashentsev/.m2/repository/net/bytebuddy/byte-buddy/1.12.10/byte-buddy-1.12.10.jar:/Users/maratpashentsev/.m2/repository/org/mockito/mockito-core/4.5.1/mockito-core-4.5.1.jar:/Users/maratpashentsev/.m2/repository/net/bytebuddy/byte-buddy-agent/1.10.18/byte-buddy-agent-1.10.18.jar:/Users/maratpashentsev/.m2/repository/org/objenesis/objenesis/3.2/objenesis-3.2.jar:"/>
    <property name="java.vm.vendor" value="Amazon.com Inc."/>
    <property name="sun.arch.data.model" value="64"/>
    <property name="java.vendor.url" value="https://aws.amazon.com/corretto/"/>
    <property name="user.timezone" value="Asia/Novosibirsk"/>
    <property name="java.vm.specification.version" value="11"/>
    <property name="os.name" value="Mac OS X"/>
    <property name="sun.java.launcher" value="SUN_STANDARD"/>
    <property name="user.country" value="RU"/>
    <property name="sun.boot.library.path" value="/Users/maratpashentsev/Library/Java/JavaVirtualMachines/corretto-11.0.15/Contents/Home/lib"/>
    <property name="sun.java.command" value="/Users/maratpashentsev/Documents/techmarket/upprpo/target/surefire/surefirebooter771297770217749568.jar /Users/maratpashentsev/Documents/techmarket/upprpo/target/surefire 2022-06-10T11-31-10_964-jvmRun1 surefire16856064604092188838tmp surefire_02674862830862215645tmp"/>
    <property name="http.nonProxyHosts" value="local|*.local|169.254/16|*.169.254/16"/>
    <property name="jdk.debug" value="release"/>
    <property name="surefire.test.class.path" value="/Users/maratpashentsev/Documents/techmarket/upprpo/target/test-classes:/Users/maratpashentsev/Documents/techmarket/upprpo/target/classes:/Users/maratpashentsev/.m2/repository/org/sonarsource/scanner/maven/sonar-maven-plugin/3.9.1.2184/sonar-maven-plugin-3.9.1.2184.jar:/Users/maratpashentsev/.m2/repository/org/sonatype/plexus/plexus-sec-dispatcher/1.4/plexus-sec-dispatcher-1.4.jar:/Users/maratpashentsev/.m2/repository/org/sonatype/plexus/plexus-cipher/1.4/plexus-cipher-1.4.jar:/Users/maratpashentsev/.m2/repository/org/codehaus/plexus/plexus-utils/3.2.1/plexus-utils-3.2.1.jar:/Users/maratpashentsev/.m2/repository/org/sonarsource/scanner/api/sonar-scanner-api/2.16.2.588/sonar-scanner-api-2.16.2.588.jar:/Users/maratpashentsev/.m2/repository/commons-lang/commons-lang/2.6/commons-lang-2.6.jar:/Users/maratpashentsev/.m2/repository/org/springframework/boot/spring-boot-starter-web/2.3.6.RELEASE/spring-boot-starter-web-2.3.6.RELEASE.jar:/Users/maratpashentsev/.m2/repository/org/springframework/boot/spring-boot-starter/2.3.6.RELEASE/spring-boot-starter-2.3.6.RELEASE.jar:/Users/maratpashentsev/.m2/repository/org/springframework/boot/spring-boot-starter-logging/2.3.6.RELEASE/spring-boot-starter-logging-2.3.6.RELEASE.jar:/Users/maratpashentsev/.m2/repository/ch/qos/logback/logback-classic/1.2.3/logback-classic-1.2.3.jar:/Users/maratpashentsev/.m2/repository/ch/qos/logback/logback-core/1.2.3/logback-core-1.2.3.jar:/Users/maratpashentsev/.m2/repository/org/apache/logging/log4j/log4j-to-slf4j/2.13.3/log4j-to-slf4j-2.13.3.jar:/Users/maratpashentsev/.m2/repository/org/apache/logging/log4j/log4j-api/2.13.3/log4j-api-2.13.3.jar:/Users/maratpashentsev/.m2/repository/org/slf4j/jul-to-slf4j/1.7.30/jul-to-slf4j-1.7.30.jar:/Users/maratpashentsev/.m2/repository/jakarta/annotation/jakarta.annotation-api/1.3.5/jakarta.annotation-api-1.3.5.jar:/Users/maratpashentsev/.m2/repository/org/yaml/snakeyaml/1.26/snakeyaml-1.26.jar:/Users/maratpashentsev/.m2/repository/org/springframework/boot/spring-boot-starter-json/2.3.6.RELEASE/spring-boot-starter-json-2.3.6.RELEASE.jar:/Users/maratpashentsev/.m2/repository/com/fasterxml/jackson/datatype/jackson-datatype-jsr310/2.11.3/jackson-datatype-jsr310-2.11.3.jar:/Users/maratpashentsev/.m2/repository/com/fasterxml/jackson/module/jackson-module-parameter-names/2.11.3/jackson-module-parameter-names-2.11.3.jar:/Users/maratpashentsev/.m2/repository/org/springframework/boot/spring-boot-starter-tomcat/2.3.6.RELEASE/spring-boot-starter-tomcat-2.3.6.RELEASE.jar:/Users/maratpashentsev/.m2/repository/org/apache/tomcat/embed/tomcat-embed-core/9.0.39/tomcat-embed-core-9.0.39.jar:/Users/maratpashentsev/.m2/repository/org/glassfish/jakarta.el/3.0.3/jakarta.el-3.0.3.jar:/Users/maratpashentsev/.m2/repository/org/apache/tomcat/embed/tomcat-embed-websocket/9.0.39/tomcat-embed-websocket-9.0.39.jar:/Users/maratpashentsev/.m2/repository/org/springframework/spring-web/5.2.11.RELEASE/spring-web-5.2.11.RELEASE.jar:/Users/maratpashentsev/.m2/repository/org/springframework/spring-webmvc/5.2.11.RELEASE/spring-webmvc-5.2.11.RELEASE.jar:/Users/maratpashentsev/.m2/repository/org/springframework/boot/spring-boot-devtools/2.3.6.RELEASE/spring-boot-devtools-2.3.6.RELEASE.jar:/Users/maratpashentsev/.m2/repository/org/springframework/boot/spring-boot/2.3.6.RELEASE/spring-boot-2.3.6.RELEASE.jar:/Users/maratpashentsev/.m2/repository/org/springframework/boot/spring-boot-autoconfigure/2.3.6.RELEASE/spring-boot-autoconfigure-2.3.6.RELEASE.jar:/Users/maratpashentsev/.m2/repository/org/postgresql/postgresql/42.2.18/postgresql-42.2.18.jar:/Users/maratpashentsev/.m2/repository/org/checkerframework/checker-qual/3.5.0/checker-qual-3.5.0.jar:/Users/maratpashentsev/.m2/repository/org/springframework/boot/spring-boot-starter-data-jpa/2.3.6.RELEASE/spring-boot-starter-data-jpa-2.3.6.RELEASE.jar:/Users/maratpashentsev/.m2/repository/org/springframework/boot/spring-boot-starter-jdbc/2.3.6.RELEASE/spring-boot-starter-jdbc-2.3.6.RELEASE.jar:/Users/maratpashentsev/.m2/repository/com/zaxxer/HikariCP/3.4.5/HikariCP-3.4.5.jar:/Users/maratpashentsev/.m2/repository/org/springframework/spring-jdbc/5.2.11.RELEASE/spring-jdbc-5.2.11.RELEASE.jar:/Users/maratpashentsev/.m2/repository/jakarta/transaction/jakarta.transaction-api/1.3.3/jakarta.transaction-api-1.3.3.jar:/Users/maratpashentsev/.m2/repository/jakarta/persistence/jakarta.persistence-api/2.2.3/jakarta.persistence-api-2.2.3.jar:/Users/maratpashentsev/.m2/repository/org/hibernate/hibernate-core/5.4.23.Final/hibernate-core-5.4.23.Final.jar:/Users/maratpashentsev/.m2/repository/org/javassist/javassist/3.24.0-GA/javassist-3.24.0-GA.jar:/Users/maratpashentsev/.m2/repository/antlr/antlr/2.7.7/antlr-2.7.7.jar:/Users/maratpashentsev/.m2/repository/org/jboss/jandex/2.1.3.Final/jandex-2.1.3.Final.jar:/Users/maratpashentsev/.m2/repository/org/dom4j/dom4j/2.1.3/dom4j-2.1.3.jar:/Users/maratpashentsev/.m2/repository/org/hibernate/common/hibernate-commons-annotations/5.1.2.Final/hibernate-commons-annotations-5.1.2.Final.jar:/Users/maratpashentsev/.m2/repository/org/glassfish/jaxb/jaxb-runtime/2.3.3/jaxb-runtime-2.3.3.jar:/Users/maratpashentsev/.m2/repository/org/glassfish/jaxb/txw2/2.3.3/txw2-2.3.3.jar:/Users/maratpashentsev/.m2/repository/com/sun/istack/istack-commons-runtime/3.0.11/istack-commons-runtime-3.0.11.jar:/Users/maratpashentsev/.m2/repository/org/springframework/data/spring-data-jpa/2.3.5.RELEASE/spring-data-jpa-2.3.5.RELEASE.jar:/Users/maratpashentsev/.m2/repository/org/springframework/data/spring-data-commons/2.3.5.RELEASE/spring-data-commons-2.3.5.RELEASE.jar:/Users/maratpashentsev/.m2/repository/org/springframework/spring-orm/5.2.11.RELEASE/spring-orm-5.2.11.RELEASE.jar:/Users/maratpashentsev/.m2/repository/org/springframework/spring-tx/5.2.11.RELEASE/spring-tx-5.2.11.RELEASE.jar:/Users/maratpashentsev/.m2/repository/org/springframework/spring-aspects/5.2.11.RELEASE/spring-aspects-5.2.11.RELEASE.jar:/Users/maratpashentsev/.m2/repository/org/springframework/boot/spring-boot-starter-security/2.3.6.RELEASE/spring-boot-starter-security-2.3.6.RELEASE.jar:/Users/maratpashentsev/.m2/repository/org/springframework/spring-aop/5.2.11.RELEASE/spring-aop-5.2.11.RELEASE.jar:/Users/maratpashentsev/.m2/repository/org/springframework/security/spring-security-config/5.3.5.RELEASE/spring-security-config-5.3.5.RELEASE.jar:/Users/maratpashentsev/.m2/repository/org/springframework/security/spring-security-web/5.3.5.RELEASE/spring-security-web-5.3.5.RELEASE.jar:/Users/maratpashentsev/.m2/repository/org/springframework/security/spring-security-test/5.3.5.RELEASE/spring-security-test-5.3.5.RELEASE.jar:/Users/maratpashentsev/.m2/repository/org/springframework/security/spring-security-core/5.3.5.RELEASE/spring-security-core-5.3.5.RELEASE.jar:/Users/maratpashentsev/.m2/repository/org/springframework/spring-core/5.2.11.RELEASE/spring-core-5.2.11.RELEASE.jar:/Users/maratpashentsev/.m2/repository/org/springframework/spring-jcl/5.2.11.RELEASE/spring-jcl-5.2.11.RELEASE.jar:/Users/maratpashentsev/.m2/repository/org/springframework/security/spring-security-taglibs/5.3.5.RELEASE/spring-security-taglibs-5.3.5.RELEASE.jar:/Users/maratpashentsev/.m2/repository/org/springframework/security/spring-security-acl/5.3.5.RELEASE/spring-security-acl-5.3.5.RELEASE.jar:/Users/maratpashentsev/.m2/repository/org/springframework/spring-beans/5.2.11.RELEASE/spring-beans-5.2.11.RELEASE.jar:/Users/maratpashentsev/.m2/repository/org/springframework/spring-context/5.2.11.RELEASE/spring-context-5.2.11.RELEASE.jar:/Users/maratpashentsev/.m2/repository/org/springframework/spring-expression/5.2.11.RELEASE/spring-expression-5.2.11.RELEASE.jar:/Users/maratpashentsev/.m2/repository/org/springframework/security/spring-security-oauth2-client/5.3.5.RELEASE/spring-security-oauth2-client-5.3.5.RELEASE.jar:/Users/maratpashentsev/.m2/repository/com/nimbusds/oauth2-oidc-sdk/7.1.1/oauth2-oidc-sdk-7.1.1.jar:/Users/maratpashentsev/.m2/repository/com/github/stephenc/jcip/jcip-annotations/1.0-1/jcip-annotations-1.0-1.jar:/Users/maratpashentsev/.m2/repository/com/nimbusds/content-type/2.0/content-type-2.0.jar:/Users/maratpashentsev/.m2/repository/net/minidev/json-smart/2.3/json-smart-2.3.jar:/Users/maratpashentsev/.m2/repository/net/minidev/accessors-smart/1.2/accessors-smart-1.2.jar:/Users/maratpashentsev/.m2/repository/org/ow2/asm/asm/5.0.4/asm-5.0.4.jar:/Users/maratpashentsev/.m2/repository/com/nimbusds/lang-tag/1.4.4/lang-tag-1.4.4.jar:/Users/maratpashentsev/.m2/repository/com/nimbusds/nimbus-jose-jwt/8.19/nimbus-jose-jwt-8.19.jar:/Users/maratpashentsev/.m2/repository/com/sun/mail/javax.mail/1.6.1/javax.mail-1.6.1.jar:/Users/maratpashentsev/.m2/repository/javax/activation/activation/1.1/activation-1.1.jar:/Users/maratpashentsev/.m2/repository/org/springframework/security/spring-security-oauth2-core/5.3.5.RELEASE/spring-security-oauth2-core-5.3.5.RELEASE.jar:/Users/maratpashentsev/.m2/repository/org/springframework/boot/spring-boot-starter-mail/2.3.6.RELEASE/spring-boot-starter-mail-2.3.6.RELEASE.jar:/Users/maratpashentsev/.m2/repository/org/springframework/spring-context-support/5.2.11.RELEASE/spring-context-support-5.2.11.RELEASE.jar:/Users/maratpashentsev/.m2/repository/com/sun/mail/jakarta.mail/1.6.5/jakarta.mail-1.6.5.jar:/Users/maratpashentsev/.m2/repository/com/sun/activation/jakarta.activation/1.2.2/jakarta.activation-1.2.2.jar:/Users/maratpashentsev/.m2/repository/org/projectlombok/lombok/1.18.22/lombok-1.18.22.jar:/Users/maratpashentsev/.m2/repository/org/flywaydb/flyway-core/5.2.4/flyway-core-5.2.4.jar:/Users/maratpashentsev/.m2/repository/javax/xml/bind/jaxb-api/2.3.0/jaxb-api-2.3.0.jar:/Users/maratpashentsev/.m2/repository/com/sun/xml/bind/jaxb-core/2.3.0/jaxb-core-2.3.0.jar:/Users/maratpashentsev/.m2/repository/com/sun/xml/bind/jaxb-impl/2.3.0/jaxb-impl-2.3.0.jar:/Users/maratpashentsev/.m2/repository/io/jsonwebtoken/jjwt/0.9.1/jjwt-0.9.1.jar:/Users/maratpashentsev/.m2/repository/com/fasterxml/jackson/core/jackson-databind/2.11.3/jackson-databind-2.11.3.jar:/Users/maratpashentsev/.m2/repository/com/fasterxml/jackson/core/jackson-annotations/2.11.3/jackson-annotations-2.11.3.jar:/Users/maratpashentsev/.m2/repository/org/modelmapper/modelmapper/2.3.9/modelmapper-2.3.9.jar:/Users/maratpashentsev/.m2/repository/javax/validation/validation-api/2.0.1.Final/validation-api-2.0.1.Final.jar:/Users/maratpashentsev/.m2/repository/org/hibernate/validator/hibernate-validator/6.1.6.Final/hibernate-validator-6.1.6.Final.jar:/Users/maratpashentsev/.m2/repository/jakarta/validation/jakarta.validation-api/2.0.2/jakarta.validation-api-2.0.2.jar:/Users/maratpashentsev/.m2/repository/org/jboss/logging/jboss-logging/3.4.1.Final/jboss-logging-3.4.1.Final.jar:/Users/maratpashentsev/.m2/repository/com/fasterxml/classmate/1.5.1/classmate-1.5.1.jar:/Users/maratpashentsev/.m2/repository/com/graphql-java/graphql-spring-boot-starter/5.0.2/graphql-spring-boot-starter-5.0.2.jar:/Users/maratpashentsev/.m2/repository/com/graphql-java/graphql-spring-boot-autoconfigure/5.0.2/graphql-spring-boot-autoconfigure-5.0.2.jar:/Users/maratpashentsev/.m2/repository/org/springframework/boot/spring-boot-configuration-processor/2.3.6.RELEASE/spring-boot-configuration-processor-2.3.6.RELEASE.jar:/Users/maratpashentsev/.m2/repository/com/graphql-java/graphql-java-servlet/6.1.2/graphql-java-servlet-6.1.2.jar:/Users/maratpashentsev/.m2/repository/javax/servlet/javax.servlet-api/4.0.1/javax.servlet-api-4.0.1.jar:/Users/maratpashentsev/.m2/repository/javax/websocket/javax.websocket-api/1.1/javax.websocket-api-1.1.jar:/Users/maratpashentsev/.m2/repository/commons-io/commons-io/2.6/commons-io-2.6.jar:/Users/maratpashentsev/.m2/repository/com/graphql-java/graphql-java-tools/5.2.4/graphql-java-tools-5.2.4.jar:/Users/maratpashentsev/.m2/repository/org/jetbrains/kotlin/kotlin-stdlib/1.3.72/kotlin-stdlib-1.3.72.jar:/Users/maratpashentsev/.m2/repository/org/jetbrains/kotlin/kotlin-stdlib-common/1.3.72/kotlin-stdlib-common-1.3.72.jar:/Users/maratpashentsev/.m2/repository/org/jetbrains/annotations/13.0/annotations-13.0.jar:/Users/maratpashentsev/.m2/repository/com/graphql-java/graphql-java/9.2/graphql-java-9.2.jar:/Users/maratpashentsev/.m2/repository/org/antlr/antlr4-runtime/4.7.1/antlr4-runtime-4.7.1.jar:/Users/maratpashentsev/.m2/repository/com/graphql-java/java-dataloader/2.0.2/java-dataloader-2.0.2.jar:/Users/maratpashentsev/.m2/repository/org/reactivestreams/reactive-streams/1.0.3/reactive-streams-1.0.3.jar:/Users/maratpashentsev/.m2/repository/com/fasterxml/jackson/core/jackson-core/2.11.3/jackson-core-2.11.3.jar:/Users/maratpashentsev/.m2/repository/com/fasterxml/jackson/module/jackson-module-kotlin/2.11.3/jackson-module-kotlin-2.11.3.jar:/Users/maratpashentsev/.m2/repository/org/jetbrains/kotlin/kotlin-reflect/1.3.72/kotlin-reflect-1.3.72.jar:/Users/maratpashentsev/.m2/repository/com/fasterxml/jackson/datatype/jackson-datatype-jdk8/2.11.3/jackson-datatype-jdk8-2.11.3.jar:/Users/maratpashentsev/.m2/repository/com/esotericsoftware/reflectasm/1.11.7/reflectasm-1.11.7.jar:/Users/maratpashentsev/.m2/repository/org/apache/commons/commons-lang3/3.10/commons-lang3-3.10.jar:/Users/maratpashentsev/.m2/repository/com/google/guava/guava/26.0-jre/guava-26.0-jre.jar:/Users/maratpashentsev/.m2/repository/com/google/code/findbugs/jsr305/3.0.2/jsr305-3.0.2.jar:/Users/maratpashentsev/.m2/repository/com/google/errorprone/error_prone_annotations/2.1.3/error_prone_annotations-2.1.3.jar:/Users/maratpashentsev/.m2/repository/com/google/j2objc/j2objc-annotations/1.1/j2objc-annotations-1.1.jar:/Users/maratpashentsev/.m2/repository/org/codehaus/mojo/animal-sniffer-annotations/1.14/animal-sniffer-annotations-1.14.jar:/Users/maratpashentsev/.m2/repository/org/slf4j/slf4j-api/1.7.30/slf4j-api-1.7.30.jar:/Users/maratpashentsev/.m2/repository/org/springframework/boot/spring-boot-starter-aop/2.4.3/spring-boot-starter-aop-2.4.3.jar:/Users/maratpashentsev/.m2/repository/org/aspectj/aspectjweaver/1.9.6/aspectjweaver-1.9.6.jar:/Users/maratpashentsev/.m2/repository/io/springfox/springfox-swagger-common/2.9.2/springfox-swagger-common-2.9.2.jar:/Users/maratpashentsev/.m2/repository/io/swagger/swagger-annotations/1.5.20/swagger-annotations-1.5.20.jar:/Users/maratpashentsev/.m2/repository/io/swagger/swagger-models/1.5.20/swagger-models-1.5.20.jar:/Users/maratpashentsev/.m2/repository/io/springfox/springfox-spi/2.9.2/springfox-spi-2.9.2.jar:/Users/maratpashentsev/.m2/repository/io/springfox/springfox-core/2.9.2/springfox-core-2.9.2.jar:/Users/maratpashentsev/.m2/repository/io/springfox/springfox-schema/2.9.2/springfox-schema-2.9.2.jar:/Users/maratpashentsev/.m2/repository/io/springfox/springfox-spring-web/2.9.2/springfox-spring-web-2.9.2.jar:/Users/maratpashentsev/.m2/repository/org/springframework/plugin/spring-plugin-core/1.2.0.RELEASE/spring-plugin-core-1.2.0.RELEASE.jar:/Users/maratpashentsev/.m2/repository/org/springframework/plugin/spring-plugin-metadata/1.2.0.RELEASE/spring-plugin-metadata-1.2.0.RELEASE.jar:/Users/maratpashentsev/.m2/repository/io/springfox/springfox-swagger2/2.9.2/springfox-swagger2-2.9.2.jar:/Users/maratpashentsev/.m2/repository/org/mapstruct/mapstruct/1.2.0.Final/mapstruct-1.2.0.Final.jar:/Users/maratpashentsev/.m2/repository/io/springfox/springfox-swagger-ui/2.9.2/springfox-swagger-ui-2.9.2.jar:/Users/maratpashentsev/.m2/repository/io/springfox/springfox-bean-validators/2.9.2/springfox-bean-validators-2.9.2.jar:/Users/maratpashentsev/.m2/repository/org/springframework/boot/spring-boot-starter-websocket/2.3.6.RELEASE/spring-boot-starter-websocket-2.3.6.RELEASE.jar:/Users/maratpashentsev/.m2/repository/org/springframework/spring-messaging/5.2.11.RELEASE/spring-messaging-5.2.11.RELEASE.jar:/Users/maratpashentsev/.m2/repository/org/springframework/spring-websocket/5.2.11.RELEASE/spring-websocket-5.2.11.RELEASE.jar:/Users/maratpashentsev/.m2/repository/com/amazonaws/aws-java-sdk/1.11.133/aws-java-sdk-1.11.133.jar:/Users/maratpashentsev/.m2/repository/com/amazonaws/aws-java-sdk-athena/1.11.133/aws-java-sdk-athena-1.11.133.jar:/Users/maratpashentsev/.m2/repository/com/amazonaws/jmespath-java/1.11.133/jmespath-java-1.11.133.jar:/Users/maratpashentsev/.m2/repository/com/amazonaws/aws-java-sdk-marketplaceentitlement/1.11.133/aws-java-sdk-marketplaceentitlement-1.11.133.jar:/Users/maratpashentsev/.m2/repository/com/amazonaws/aws-java-sdk-codestar/1.11.133/aws-java-sdk-codestar-1.11.133.jar:/Users/maratpashentsev/.m2/repository/com/amazonaws/aws-java-sdk-lexmodelbuilding/1.11.133/aws-java-sdk-lexmodelbuilding-1.11.133.jar:/Users/maratpashentsev/.m2/repository/com/amazonaws/aws-java-sdk-resourcegroupstaggingapi/1.11.133/aws-java-sdk-resourcegroupstaggingapi-1.11.133.jar:/Users/maratpashentsev/.m2/repository/com/amazonaws/aws-java-sdk-pinpoint/1.11.133/aws-java-sdk-pinpoint-1.11.133.jar:/Users/maratpashentsev/.m2/repository/com/amazonaws/aws-java-sdk-xray/1.11.133/aws-java-sdk-xray-1.11.133.jar:/Users/maratpashentsev/.m2/repository/com/amazonaws/aws-java-sdk-opsworkscm/1.11.133/aws-java-sdk-opsworkscm-1.11.133.jar:/Users/maratpashentsev/.m2/repository/com/amazonaws/aws-java-sdk-support/1.11.133/aws-java-sdk-support-1.11.133.jar:/Users/maratpashentsev/.m2/repository/com/amazonaws/aws-java-sdk-simpledb/1.11.133/aws-java-sdk-simpledb-1.11.133.jar:/Users/maratpashentsev/.m2/repository/com/amazonaws/aws-java-sdk-servicecatalog/1.11.133/aws-java-sdk-servicecatalog-1.11.133.jar:/Users/maratpashentsev/.m2/repository/com/amazonaws/aws-java-sdk-servermigration/1.11.133/aws-java-sdk-servermigration-1.11.133.jar:/Users/maratpashentsev/.m2/repository/com/amazonaws/aws-java-sdk-simpleworkflow/1.11.133/aws-java-sdk-simpleworkflow-1.11.133.jar:/Users/maratpashentsev/.m2/repository/com/amazonaws/aws-java-sdk-storagegateway/1.11.133/aws-java-sdk-storagegateway-1.11.133.jar:/Users/maratpashentsev/.m2/repository/com/amazonaws/aws-java-sdk-route53/1.11.133/aws-java-sdk-route53-1.11.133.jar:/Users/maratpashentsev/.m2/repository/com/amazonaws/aws-java-sdk-s3/1.11.133/aws-java-sdk-s3-1.11.133.jar:/Users/maratpashentsev/.m2/repository/com/amazonaws/aws-java-sdk-importexport/1.11.133/aws-java-sdk-importexport-1.11.133.jar:/Users/maratpashentsev/.m2/repository/com/amazonaws/aws-java-sdk-sts/1.11.133/aws-java-sdk-sts-1.11.133.jar:/Users/maratpashentsev/.m2/repository/com/amazonaws/aws-java-sdk-sqs/1.11.133/aws-java-sdk-sqs-1.11.133.jar:/Users/maratpashentsev/.m2/repository/com/amazonaws/aws-java-sdk-rds/1.11.133/aws-java-sdk-rds-1.11.133.jar:/Users/maratpashentsev/.m2/repository/com/amazonaws/aws-java-sdk-redshift/1.11.133/aws-java-sdk-redshift-1.11.133.jar:/Users/maratpashentsev/.m2/repository/com/amazonaws/aws-java-sdk-elasticbeanstalk/1.11.133/aws-java-sdk-elasticbeanstalk-1.11.133.jar:/Users/maratpashentsev/.m2/repository/com/amazonaws/aws-java-sdk-glacier/1.11.133/aws-java-sdk-glacier-1.11.133.jar:/Users/maratpashentsev/.m2/repository/com/amazonaws/aws-java-sdk-iam/1.11.133/aws-java-sdk-iam-1.11.133.jar:/Users/maratpashentsev/.m2/repository/com/amazonaws/aws-java-sdk-datapipeline/1.11.133/aws-java-sdk-datapipeline-1.11.133.jar:/Users/maratpashentsev/.m2/repository/com/amazonaws/aws-java-sdk-elasticloadbalancing/1.11.133/aws-java-sdk-elasticloadbalancing-1.11.133.jar:/Users/maratpashentsev/.m2/repository/com/amazonaws/aws-java-sdk-elasticloadbalancingv2/1.11.133/aws-java-sdk-elasticloadbalancingv2-1.11.133.jar:/Users/maratpashentsev/.m2/repository/com/amazonaws/aws-java-sdk-emr/1.11.133/aws-java-sdk-emr-1.11.133.jar:/Users/maratpashentsev/.m2/repository/com/amazonaws/aws-java-sdk-elasticache/1.11.133/aws-java-sdk-elasticache-1.11.133.jar:/Users/maratpashentsev/.m2/repository/com/amazonaws/aws-java-sdk-elastictranscoder/1.11.133/aws-java-sdk-elastictranscoder-1.11.133.jar:/Users/maratpashentsev/.m2/repository/com/amazonaws/aws-java-sdk-ec2/1.11.133/aws-java-sdk-ec2-1.11.133.jar:/Users/maratpashentsev/.m2/repository/com/amazonaws/aws-java-sdk-dynamodb/1.11.133/aws-java-sdk-dynamodb-1.11.133.jar:/Users/maratpashentsev/.m2/repository/com/amazonaws/aws-java-sdk-sns/1.11.133/aws-java-sdk-sns-1.11.133.jar:/Users/maratpashentsev/.m2/repository/com/amazonaws/aws-java-sdk-budgets/1.11.133/aws-java-sdk-budgets-1.11.133.jar:/Users/maratpashentsev/.m2/repository/com/amazonaws/aws-java-sdk-cloudtrail/1.11.133/aws-java-sdk-cloudtrail-1.11.133.jar:/Users/maratpashentsev/.m2/repository/com/amazonaws/aws-java-sdk-cloudwatch/1.11.133/aws-java-sdk-cloudwatch-1.11.133.jar:/Users/maratpashentsev/.m2/repository/com/amazonaws/aws-java-sdk-logs/1.11.133/aws-java-sdk-logs-1.11.133.jar:/Users/maratpashentsev/.m2/repository/com/amazonaws/aws-java-sdk-events/1.11.133/aws-java-sdk-events-1.11.133.jar:/Users/maratpashentsev/.m2/repository/com/amazonaws/aws-java-sdk-cognitoidentity/1.11.133/aws-java-sdk-cognitoidentity-1.11.133.jar:/Users/maratpashentsev/.m2/repository/com/amazonaws/aws-java-sdk-cognitosync/1.11.133/aws-java-sdk-cognitosync-1.11.133.jar:/Users/maratpashentsev/.m2/repository/com/amazonaws/aws-java-sdk-directconnect/1.11.133/aws-java-sdk-directconnect-1.11.133.jar:/Users/maratpashentsev/.m2/repository/com/amazonaws/aws-java-sdk-cloudformation/1.11.133/aws-java-sdk-cloudformation-1.11.133.jar:/Users/maratpashentsev/.m2/repository/com/amazonaws/aws-java-sdk-cloudfront/1.11.133/aws-java-sdk-cloudfront-1.11.133.jar:/Users/maratpashentsev/.m2/repository/com/amazonaws/aws-java-sdk-clouddirectory/1.11.133/aws-java-sdk-clouddirectory-1.11.133.jar:/Users/maratpashentsev/.m2/repository/com/amazonaws/aws-java-sdk-kinesis/1.11.133/aws-java-sdk-kinesis-1.11.133.jar:/Users/maratpashentsev/.m2/repository/com/amazonaws/aws-java-sdk-opsworks/1.11.133/aws-java-sdk-opsworks-1.11.133.jar:/Users/maratpashentsev/.m2/repository/com/amazonaws/aws-java-sdk-ses/1.11.133/aws-java-sdk-ses-1.11.133.jar:/Users/maratpashentsev/.m2/repository/com/amazonaws/aws-java-sdk-autoscaling/1.11.133/aws-java-sdk-autoscaling-1.11.133.jar:/Users/maratpashentsev/.m2/repository/com/amazonaws/aws-java-sdk-cloudsearch/1.11.133/aws-java-sdk-cloudsearch-1.11.133.jar:/Users/maratpashentsev/.m2/repository/com/amazonaws/aws-java-sdk-cloudwatchmetrics/1.11.133/aws-java-sdk-cloudwatchmetrics-1.11.133.jar:/Users/maratpashentsev/.m2/repository/com/amazonaws/aws-java-sdk-codedeploy/1.11.133/aws-java-sdk-codedeploy-1.11.133.jar:/Users/maratpashentsev/.m2/repository/com/amazonaws/aws-java-sdk-codepipeline/1.11.133/aws-java-sdk-codepipeline-1.11.133.jar:/Users/maratpashentsev/.m2/repository/com/amazonaws/aws-java-sdk-kms/1.11.133/aws-java-sdk-kms-1.11.133.jar:/Users/maratpashentsev/.m2/repository/com/amazonaws/aws-java-sdk-config/1.11.133/aws-java-sdk-config-1.11.133.jar:/Users/maratpashentsev/.m2/repository/com/amazonaws/aws-java-sdk-lambda/1.11.133/aws-java-sdk-lambda-1.11.133.jar:/Users/maratpashentsev/.m2/repository/com/amazonaws/aws-java-sdk-ecs/1.11.133/aws-java-sdk-ecs-1.11.133.jar:/Users/maratpashentsev/.m2/repository/com/amazonaws/aws-java-sdk-ecr/1.11.133/aws-java-sdk-ecr-1.11.133.jar:/Users/maratpashentsev/.m2/repository/com/amazonaws/aws-java-sdk-cloudhsm/1.11.133/aws-java-sdk-cloudhsm-1.11.133.jar:/Users/maratpashentsev/.m2/repository/com/amazonaws/aws-java-sdk-ssm/1.11.133/aws-java-sdk-ssm-1.11.133.jar:/Users/maratpashentsev/.m2/repository/com/amazonaws/aws-java-sdk-workspaces/1.11.133/aws-java-sdk-workspaces-1.11.133.jar:/Users/maratpashentsev/.m2/repository/com/amazonaws/aws-java-sdk-machinelearning/1.11.133/aws-java-sdk-machinelearning-1.11.133.jar:/Users/maratpashentsev/.m2/repository/com/amazonaws/aws-java-sdk-directory/1.11.133/aws-java-sdk-directory-1.11.133.jar:/Users/maratpashentsev/.m2/repository/com/amazonaws/aws-java-sdk-efs/1.11.133/aws-java-sdk-efs-1.11.133.jar:/Users/maratpashentsev/.m2/repository/com/amazonaws/aws-java-sdk-codecommit/1.11.133/aws-java-sdk-codecommit-1.11.133.jar:/Users/maratpashentsev/.m2/repository/com/amazonaws/aws-java-sdk-devicefarm/1.11.133/aws-java-sdk-devicefarm-1.11.133.jar:/Users/maratpashentsev/.m2/repository/com/amazonaws/aws-java-sdk-elasticsearch/1.11.133/aws-java-sdk-elasticsearch-1.11.133.jar:/Users/maratpashentsev/.m2/repository/com/amazonaws/aws-java-sdk-waf/1.11.133/aws-java-sdk-waf-1.11.133.jar:/Users/maratpashentsev/.m2/repository/com/amazonaws/aws-java-sdk-marketplacecommerceanalytics/1.11.133/aws-java-sdk-marketplacecommerceanalytics-1.11.133.jar:/Users/maratpashentsev/.m2/repository/com/amazonaws/aws-java-sdk-inspector/1.11.133/aws-java-sdk-inspector-1.11.133.jar:/Users/maratpashentsev/.m2/repository/com/amazonaws/aws-java-sdk-iot/1.11.133/aws-java-sdk-iot-1.11.133.jar:/Users/maratpashentsev/.m2/repository/com/amazonaws/aws-java-sdk-api-gateway/1.11.133/aws-java-sdk-api-gateway-1.11.133.jar:/Users/maratpashentsev/.m2/repository/com/amazonaws/aws-java-sdk-acm/1.11.133/aws-java-sdk-acm-1.11.133.jar:/Users/maratpashentsev/.m2/repository/com/amazonaws/aws-java-sdk-gamelift/1.11.133/aws-java-sdk-gamelift-1.11.133.jar:/Users/maratpashentsev/.m2/repository/com/amazonaws/aws-java-sdk-dms/1.11.133/aws-java-sdk-dms-1.11.133.jar:/Users/maratpashentsev/.m2/repository/com/amazonaws/aws-java-sdk-marketplacemeteringservice/1.11.133/aws-java-sdk-marketplacemeteringservice-1.11.133.jar:/Users/maratpashentsev/.m2/repository/com/amazonaws/aws-java-sdk-cognitoidp/1.11.133/aws-java-sdk-cognitoidp-1.11.133.jar:/Users/maratpashentsev/.m2/repository/com/amazonaws/aws-java-sdk-discovery/1.11.133/aws-java-sdk-discovery-1.11.133.jar:/Users/maratpashentsev/.m2/repository/com/amazonaws/aws-java-sdk-applicationautoscaling/1.11.133/aws-java-sdk-applicationautoscaling-1.11.133.jar:/Users/maratpashentsev/.m2/repository/com/amazonaws/aws-java-sdk-snowball/1.11.133/aws-java-sdk-snowball-1.11.133.jar:/Users/maratpashentsev/.m2/repository/com/amazonaws/aws-java-sdk-rekognition/1.11.133/aws-java-sdk-rekognition-1.11.133.jar:/Users/maratpashentsev/.m2/repository/com/amazonaws/aws-java-sdk-polly/1.11.133/aws-java-sdk-polly-1.11.133.jar:/Users/maratpashentsev/.m2/repository/com/amazonaws/aws-java-sdk-lightsail/1.11.133/aws-java-sdk-lightsail-1.11.133.jar:/Users/maratpashentsev/.m2/repository/com/amazonaws/aws-java-sdk-stepfunctions/1.11.133/aws-java-sdk-stepfunctions-1.11.133.jar:/Users/maratpashentsev/.m2/repository/com/amazonaws/aws-java-sdk-health/1.11.133/aws-java-sdk-health-1.11.133.jar:/Users/maratpashentsev/.m2/repository/com/amazonaws/aws-java-sdk-costandusagereport/1.11.133/aws-java-sdk-costandusagereport-1.11.133.jar:/Users/maratpashentsev/.m2/repository/com/amazonaws/aws-java-sdk-codebuild/1.11.133/aws-java-sdk-codebuild-1.11.133.jar:/Users/maratpashentsev/.m2/repository/com/amazonaws/aws-java-sdk-appstream/1.11.133/aws-java-sdk-appstream-1.11.133.jar:/Users/maratpashentsev/.m2/repository/com/amazonaws/aws-java-sdk-shield/1.11.133/aws-java-sdk-shield-1.11.133.jar:/Users/maratpashentsev/.m2/repository/com/amazonaws/aws-java-sdk-batch/1.11.133/aws-java-sdk-batch-1.11.133.jar:/Users/maratpashentsev/.m2/repository/com/amazonaws/aws-java-sdk-lex/1.11.133/aws-java-sdk-lex-1.11.133.jar:/Users/maratpashentsev/.m2/repository/com/amazonaws/aws-java-sdk-mechanicalturkrequester/1.11.133/aws-java-sdk-mechanicalturkrequester-1.11.133.jar:/Users/maratpashentsev/.m2/repository/com/amazonaws/aws-java-sdk-organizations/1.11.133/aws-java-sdk-organizations-1.11.133.jar:/Users/maratpashentsev/.m2/repository/com/amazonaws/aws-java-sdk-workdocs/1.11.133/aws-java-sdk-workdocs-1.11.133.jar:/Users/maratpashentsev/.m2/repository/com/amazonaws/aws-java-sdk-core/1.11.133/aws-java-sdk-core-1.11.133.jar:/Users/maratpashentsev/.m2/repository/commons-logging/commons-logging/1.1.3/commons-logging-1.1.3.jar:/Users/maratpashentsev/.m2/repository/org/apache/httpcomponents/httpclient/4.5.13/httpclient-4.5.13.jar:/Users/maratpashentsev/.m2/repository/org/apache/httpcomponents/httpcore/4.4.13/httpcore-4.4.13.jar:/Users/maratpashentsev/.m2/repository/commons-codec/commons-codec/1.14/commons-codec-1.14.jar:/Users/maratpashentsev/.m2/repository/software/amazon/ion/ion-java/1.0.2/ion-java-1.0.2.jar:/Users/maratpashentsev/.m2/repository/com/fasterxml/jackson/dataformat/jackson-dataformat-cbor/2.11.3/jackson-dataformat-cbor-2.11.3.jar:/Users/maratpashentsev/.m2/repository/joda-time/joda-time/2.8.1/joda-time-2.8.1.jar:/Users/maratpashentsev/.m2/repository/com/amazonaws/aws-java-sdk-models/1.11.133/aws-java-sdk-models-1.11.133.jar:/Users/maratpashentsev/.m2/repository/com/amazonaws/aws-java-sdk-swf-libraries/1.11.22/aws-java-sdk-swf-libraries-1.11.22.jar:/Users/maratpashentsev/.m2/repository/org/thymeleaf/thymeleaf/3.0.11.RELEASE/thymeleaf-3.0.11.RELEASE.jar:/Users/maratpashentsev/.m2/repository/ognl/ognl/3.1.12/ognl-3.1.12.jar:/Users/maratpashentsev/.m2/repository/org/attoparser/attoparser/2.0.5.RELEASE/attoparser-2.0.5.RELEASE.jar:/Users/maratpashentsev/.m2/repository/org/unbescape/unbescape/1.1.6.RELEASE/unbescape-1.1.6.RELEASE.jar:/Users/maratpashentsev/.m2/repository/org/thymeleaf/thymeleaf-spring5/3.0.11.RELEASE/thymeleaf-spring5-3.0.11.RELEASE.jar:/Users/maratpashentsev/.m2/repository/org/springframework/boot/spring-boot-starter-test/2.3.6.RELEASE/spring-boot-starter-test-2.3.6.RELEASE.jar:/Users/maratpashentsev/.m2/repository/org/springframework/boot/spring-boot-test/2.3.6.RELEASE/spring-boot-test-2.3.6.RELEASE.jar:/Users/maratpashentsev/.m2/repository/org/springframework/boot/spring-boot-test-autoconfigure/2.3.6.RELEASE/spring-boot-test-autoconfigure-2.3.6.RELEASE.jar:/Users/maratpashentsev/.m2/repository/com/jayway/jsonpath/json-path/2.4.0/json-path-2.4.0.jar:/Users/maratpashentsev/.m2/repository/jakarta/xml/bind/jakarta.xml.bind-api/2.3.3/jakarta.xml.bind-api-2.3.3.jar:/Users/maratpashentsev/.m2/repository/jakarta/activation/jakarta.activation-api/1.2.2/jakarta.activation-api-1.2.2.jar:/Users/maratpashentsev/.m2/repository/org/assertj/assertj-core/3.16.1/assertj-core-3.16.1.jar:/Users/maratpashentsev/.m2/repository/org/hamcrest/hamcrest/2.2/hamcrest-2.2.jar:/Users/maratpashentsev/.m2/repository/org/junit/jupiter/junit-jupiter/5.6.3/junit-jupiter-5.6.3.jar:/Users/maratpashentsev/.m2/repository/org/junit/jupiter/junit-jupiter-api/5.6.3/junit-jupiter-api-5.6.3.jar:/Users/maratpashentsev/.m2/repository/org/opentest4j/opentest4j/1.2.0/opentest4j-1.2.0.jar:/Users/maratpashentsev/.m2/repository/org/junit/platform/junit-platform-commons/1.6.3/junit-platform-commons-1.6.3.jar:/Users/maratpashentsev/.m2/repository/org/junit/jupiter/junit-jupiter-params/5.6.3/junit-jupiter-params-5.6.3.jar:/Users/maratpashentsev/.m2/repository/org/junit/jupiter/junit-jupiter-engine/5.6.3/junit-jupiter-engine-5.6.3.jar:/Users/maratpashentsev/.m2/repository/org/junit/vintage/junit-vintage-engine/5.6.3/junit-vintage-engine-5.6.3.jar:/Users/maratpashentsev/.m2/repository/org/apiguardian/apiguardian-api/1.1.0/apiguardian-api-1.1.0.jar:/Users/maratpashentsev/.m2/repository/org/junit/platform/junit-platform-engine/1.6.3/junit-platform-engine-1.6.3.jar:/Users/maratpashentsev/.m2/repository/junit/junit/4.13.1/junit-4.13.1.jar:/Users/maratpashentsev/.m2/repository/org/mockito/mockito-junit-jupiter/3.3.3/mockito-junit-jupiter-3.3.3.jar:/Users/maratpashentsev/.m2/repository/org/skyscreamer/jsonassert/1.5.0/jsonassert-1.5.0.jar:/Users/maratpashentsev/.m2/repository/com/vaadin/external/google/android-json/0.0.20131108.vaadin1/android-json-0.0.20131108.vaadin1.jar:/Users/maratpashentsev/.m2/repository/org/xmlunit/xmlunit-core/2.7.0/xmlunit-core-2.7.0.jar:/Users/maratpashentsev/.m2/repository/org/springframework/spring-test/5.2.1.RELEASE/spring-test-5.2.1.RELEASE.jar:/Users/maratpashentsev/.m2/repository/org/mockito/mockito-inline/4.5.1/mockito-inline-4.5.1.jar:/Users/maratpashentsev/.m2/repository/net/bytebuddy/byte-buddy/1.12.10/byte-buddy-1.12.10.jar:/Users/maratpashentsev/.m2/repository/org/mockito/mockito-core/4.5.1/mockito-core-4.5.1.jar:/Users/maratpashentsev/.m2/repository/net/bytebuddy/byte-buddy-agent/1.10.18/byte-buddy-agent-1.10.18.jar:/Users/maratpashentsev/.m2/repository/org/objenesis/objenesis/3.2/objenesis-3.2.jar:"/>
    <property name="sun.cpu.endian" value="little"/>
    <property name="user.home" value="/Users/maratpashentsev"/>
    <property name="user.language" value="ru"/>
    <property name="java.specification.vendor" value="Oracle Corporation"/>
    <property name="java.version.date" value="2022-04-19"/>
    <property name="java.home" value="/Users/maratpashentsev/Library/Java/JavaVirtualMachines/corretto-11.0.15/Contents/Home"/>
    <property name="file.separator" value="/"/>
    <property name="basedir" value="/Users/maratpashentsev/Documents/techmarket/upprpo"/>
    <property name="java.vm.compressedOopsMode" value="Zero based"/>
    <property name="line.separator" value="&#10;"/>
    <property name="java.specification.name" value="Java Platform API Specification"/>
    <property name="java.vm.specification.vendor" value="Oracle Corporation"/>
    <property name="java.awt.graphicsenv" value="sun.awt.CGraphicsEnvironment"/>
    <property name="surefire.real.class.path" value="/Users/maratpashentsev/Documents/techmarket/upprpo/target/surefire/surefirebooter771297770217749568.jar"/>
    <property name="sun.management.compiler" value="HotSpot 64-Bit Tiered Compilers"/>
    <property name="ftp.nonProxyHosts" value="local|*.local|169.254/16|*.169.254/16"/>
    <property name="java.runtime.version" value="11.0.15+9-LTS"/>
    <property name="user.name" value="maratpashentsev"/>
    <property name="path.separator" value=":"/>
    <property name="os.version" value="11.6.2"/>
    <property name="java.runtime.name" value="OpenJDK Runtime Environment"/>
    <property name="file.encoding" value="UTF-8"/>
    <property name="java.vm.name" value="OpenJDK 64-Bit Server VM"/>
    <property name="java.vendor.version" value="Corretto-11.0.15.9.1"/>
    <property name="localRepository" value="/Users/maratpashentsev/.m2/repository"/>
    <property name="java.vendor.url.bug" value="https://github.com/corretto/corretto-11/issues/"/>
    <property name="java.io.tmpdir" value="/var/folders/hq/2f2b8p2j5818hj79_vfj_q500000gn/T/"/>
    <property name="idea.version" value="2021.3.2"/>
    <property name="java.version" value="11.0.15"/>
    <property name="user.dir" value="/Users/maratpashentsev/Documents/techmarket/upprpo"/>
    <property name="os.arch" value="x86_64"/>
    <property name="java.vm.specification.name" value="Java Virtual Machine Specification"/>
    <property name="java.awt.printerjob" value="sun.lwawt.macosx.CPrinterJob"/>
    <property name="sun.os.patch.level" value="unknown"/>
    <property name="java.library.path" value="/Users/maratpashentsev/Library/Java/Extensions:/Library/Java/Extensions:/Network/Library/Java/Extensions:/System/Library/Java/Extensions:/usr/lib/java:."/>
    <property name="java.vm.info" value="mixed mode"/>
    <property name="java.vendor" value="Amazon.com Inc."/>
    <property name="java.vm.version" value="11.0.15+9-LTS"/>
    <property name="sun.io.unicode.encoding" value="UnicodeBig"/>
    <property name="java.class.version" value="55.0"/>
    <property name="socksNonProxyHosts" value="local|*.local|169.254/16|*.169.254/16"/>
  </properties>
  <testcase name="sendMessageHtml" classname="ru.nsu.store.service.email.MailSenderTest" time="1.039">
    <system-out><![CDATA[11:31:22.149 [main] DEBUG org.thymeleaf.TemplateEngine - [THYMELEAF] INITIALIZING TEMPLATE ENGINE
11:31:22.531 [main] DEBUG org.thymeleaf.TemplateEngine.CONFIG - Initializing Thymeleaf Template engine configuration...
[THYMELEAF] TEMPLATE ENGINE CONFIGURATION:
[THYMELEAF] * Thymeleaf version: 3.0.11.RELEASE (built 2018-10-28T22:35:28+0000)
[THYMELEAF] * Cache Manager implementation: org.thymeleaf.cache.StandardCacheManager
[THYMELEAF] * Template resolvers:
[THYMELEAF]     * org.thymeleaf.templateresolver.StringTemplateResolver
[THYMELEAF] * Message resolvers:
[THYMELEAF]     * org.thymeleaf.messageresolver.StandardMessageResolver
[THYMELEAF] * Link builders:
[THYMELEAF]     * org.thymeleaf.linkbuilder.StandardLinkBuilder
[THYMELEAF] * Dialect: SpringStandard (org.thymeleaf.spring5.dialect.SpringStandardDialect)
[THYMELEAF]     * Prefix: "th"
[THYMELEAF]     * Processors for Template Mode: HTML
[THYMELEAF]         * Element Tag Processors by [matching element and attribute name] [precedence]:
[THYMELEAF]             * [* {th:include,data-th-include}] [100]: org.thymeleaf.standard.processor.StandardIncludeTagProcessor
[THYMELEAF]             * [* {th:insert,data-th-insert}] [100]: org.thymeleaf.standard.processor.StandardInsertTagProcessor
[THYMELEAF]             * [* {th:replace,data-th-replace}] [100]: org.thymeleaf.standard.processor.StandardReplaceTagProcessor
[THYMELEAF]             * [* {th:substituteby,data-th-substituteby}] [100]: org.thymeleaf.standard.processor.StandardSubstituteByTagProcessor
[THYMELEAF]             * [* {th:each,data-th-each}] [200]: org.thymeleaf.standard.processor.StandardEachTagProcessor
[THYMELEAF]             * [* {th:switch,data-th-switch}] [250]: org.thymeleaf.standard.processor.StandardSwitchTagProcessor
[THYMELEAF]             * [* {th:case,data-th-case}] [275]: org.thymeleaf.standard.processor.StandardCaseTagProcessor
[THYMELEAF]             * [* {th:if,data-th-if}] [300]: org.thymeleaf.standard.processor.StandardIfTagProcessor
[THYMELEAF]             * [* {th:unless,data-th-unless}] [400]: org.thymeleaf.standard.processor.StandardUnlessTagProcessor
[THYMELEAF]             * [* {th:object,data-th-object}] [500]: org.thymeleaf.spring5.processor.SpringObjectTagProcessor
[THYMELEAF]             * [* {th:with,data-th-with}] [600]: org.thymeleaf.standard.processor.StandardWithTagProcessor
[THYMELEAF]             * [* {th:attr,data-th-attr}] [700]: org.thymeleaf.standard.processor.StandardAttrTagProcessor
[THYMELEAF]             * [* {th:attrprepend,data-th-attrprepend}] [800]: org.thymeleaf.standard.processor.StandardAttrprependTagProcessor
[THYMELEAF]             * [* {th:attrappend,data-th-attrappend}] [900]: org.thymeleaf.standard.processor.StandardAttrappendTagProcessor
[THYMELEAF]             * [* {th:method,data-th-method}] [990]: org.thymeleaf.spring5.processor.SpringMethodTagProcessor
[THYMELEAF]             * [* {th:alt-title,data-th-alt-title}] [990]: org.thymeleaf.standard.processor.StandardAltTitleTagProcessor
[THYMELEAF]             * [* {th:lang-xmllang,data-th-lang-xmllang}] [990]: org.thymeleaf.standard.processor.StandardLangXmlLangTagProcessor
[THYMELEAF]             * [* {th:action,data-th-action}] [1000]: org.thymeleaf.spring5.processor.SpringActionTagProcessor
[THYMELEAF]             * [* {th:href,data-th-href}] [1000]: org.thymeleaf.spring5.processor.SpringHrefTagProcessor
[THYMELEAF]             * [* {th:src,data-th-src}] [1000]: org.thymeleaf.spring5.processor.SpringSrcTagProcessor
[THYMELEAF]             * [* {th:checked,data-th-checked}] [1000]: org.thymeleaf.standard.processor.StandardConditionalFixedValueTagProcessor
[THYMELEAF]             * [* {th:pubdate,data-th-pubdate}] [1000]: org.thymeleaf.standard.processor.StandardConditionalFixedValueTagProcessor
[THYMELEAF]             * [* {th:ismap,data-th-ismap}] [1000]: org.thymeleaf.standard.processor.StandardConditionalFixedValueTagProcessor
[THYMELEAF]             * [* {th:hidden,data-th-hidden}] [1000]: org.thymeleaf.standard.processor.StandardConditionalFixedValueTagProcessor
[THYMELEAF]             * [* {th:scoped,data-th-scoped}] [1000]: org.thymeleaf.standard.processor.StandardConditionalFixedValueTagProcessor
[THYMELEAF]             * [* {th:autofocus,data-th-autofocus}] [1000]: org.thymeleaf.standard.processor.StandardConditionalFixedValueTagProcessor
[THYMELEAF]             * [* {th:default,data-th-default}] [1000]: org.thymeleaf.standard.processor.StandardConditionalFixedValueTagProcessor
[THYMELEAF]             * [* {th:loop,data-th-loop}] [1000]: org.thymeleaf.standard.processor.StandardConditionalFixedValueTagProcessor
[THYMELEAF]             * [* {th:declare,data-th-declare}] [1000]: org.thymeleaf.standard.processor.StandardConditionalFixedValueTagProcessor
[THYMELEAF]             * [* {th:async,data-th-async}] [1000]: org.thymeleaf.standard.processor.StandardConditionalFixedValueTagProcessor
[THYMELEAF]             * [* {th:readonly,data-th-readonly}] [1000]: org.thymeleaf.standard.processor.StandardConditionalFixedValueTagProcessor
[THYMELEAF]             * [* {th:formnovalidate,data-th-formnovalidate}] [1000]: org.thymeleaf.standard.processor.StandardConditionalFixedValueTagProcessor
[THYMELEAF]             * [* {th:autoplay,data-th-autoplay}] [1000]: org.thymeleaf.standard.processor.StandardConditionalFixedValueTagProcessor
[THYMELEAF]             * [* {th:disabled,data-th-disabled}] [1000]: org.thymeleaf.standard.processor.StandardConditionalFixedValueTagProcessor
[THYMELEAF]             * [* {th:required,data-th-required}] [1000]: org.thymeleaf.standard.processor.StandardConditionalFixedValueTagProcessor
[THYMELEAF]             * [* {th:seamless,data-th-seamless}] [1000]: org.thymeleaf.standard.processor.StandardConditionalFixedValueTagProcessor
[THYMELEAF]             * [* {th:nowrap,data-th-nowrap}] [1000]: org.thymeleaf.standard.processor.StandardConditionalFixedValueTagProcessor
[THYMELEAF]             * [* {th:selected,data-th-selected}] [1000]: org.thymeleaf.standard.processor.StandardConditionalFixedValueTagProcessor
[THYMELEAF]             * [* {th:multiple,data-th-multiple}] [1000]: org.thymeleaf.standard.processor.StandardConditionalFixedValueTagProcessor
[THYMELEAF]             * [* {th:reversed,data-th-reversed}] [1000]: org.thymeleaf.standard.processor.StandardConditionalFixedValueTagProcessor
[THYMELEAF]             * [* {th:controls,data-th-controls}] [1000]: org.thymeleaf.standard.processor.StandardConditionalFixedValueTagProcessor
[THYMELEAF]             * [* {th:open,data-th-open}] [1000]: org.thymeleaf.standard.processor.StandardConditionalFixedValueTagProcessor
[THYMELEAF]             * [* {th:novalidate,data-th-novalidate}] [1000]: org.thymeleaf.standard.processor.StandardConditionalFixedValueTagProcessor
[THYMELEAF]             * [* {th:defer,data-th-defer}] [1000]: org.thymeleaf.standard.processor.StandardConditionalFixedValueTagProcessor
[THYMELEAF]             * [* {th:onscroll,data-th-onscroll}] [1000]: org.thymeleaf.standard.processor.StandardDOMEventAttributeTagProcessor
[THYMELEAF]             * [* {th:onplaying,data-th-onplaying}] [1000]: org.thymeleaf.standard.processor.StandardDOMEventAttributeTagProcessor
[THYMELEAF]             * [* {th:onplay,data-th-onplay}] [1000]: org.thymeleaf.standard.processor.StandardDOMEventAttributeTagProcessor
[THYMELEAF]             * [* {th:onundo,data-th-onundo}] [1000]: org.thymeleaf.standard.processor.StandardDOMEventAttributeTagProcessor
[THYMELEAF]             * [* {th:onhashchange,data-th-onhashchange}] [1000]: org.thymeleaf.standard.processor.StandardDOMEventAttributeTagProcessor
[THYMELEAF]             * [* {th:ondragstart,data-th-ondragstart}] [1000]: org.thymeleaf.standard.processor.StandardDOMEventAttributeTagProcessor
[THYMELEAF]             * [* {th:onseeked,data-th-onseeked}] [1000]: org.thymeleaf.standard.processor.StandardDOMEventAttributeTagProcessor
[THYMELEAF]             * [* {th:onoffline,data-th-onoffline}] [1000]: org.thymeleaf.standard.processor.StandardDOMEventAttributeTagProcessor
[THYMELEAF]             * [* {th:onabort,data-th-onabort}] [1000]: org.thymeleaf.standard.processor.StandardDOMEventAttributeTagProcessor
[THYMELEAF]             * [* {th:onmouseover,data-th-onmouseover}] [1000]: org.thymeleaf.standard.processor.StandardDOMEventAttributeTagProcessor
[THYMELEAF]             * [* {th:onkeyup,data-th-onkeyup}] [1000]: org.thymeleaf.standard.processor.StandardDOMEventAttributeTagProcessor
[THYMELEAF]             * [* {th:ondrag,data-th-ondrag}] [1000]: org.thymeleaf.standard.processor.StandardDOMEventAttributeTagProcessor
[THYMELEAF]             * [* {th:ondragleave,data-th-ondragleave}] [1000]: org.thymeleaf.standard.processor.StandardDOMEventAttributeTagProcessor
[THYMELEAF]             * [* {th:onchange,data-th-onchange}] [1000]: org.thymeleaf.standard.processor.StandardDOMEventAttributeTagProcessor
[THYMELEAF]             * [* {th:ondblclick,data-th-ondblclick}] [1000]: org.thymeleaf.standard.processor.StandardDOMEventAttributeTagProcessor
[THYMELEAF]             * [* {th:onwaiting,data-th-onwaiting}] [1000]: org.thymeleaf.standard.processor.StandardDOMEventAttributeTagProcessor
[THYMELEAF]             * [* {th:onbeforeprint,data-th-onbeforeprint}] [1000]: org.thymeleaf.standard.processor.StandardDOMEventAttributeTagProcessor
[THYMELEAF]             * [* {th:onsubmit,data-th-onsubmit}] [1000]: org.thymeleaf.standard.processor.StandardDOMEventAttributeTagProcessor
[THYMELEAF]             * [* {th:ondrop,data-th-ondrop}] [1000]: org.thymeleaf.standard.processor.StandardDOMEventAttributeTagProcessor
[THYMELEAF]             * [* {th:oninvalid,data-th-oninvalid}] [1000]: org.thymeleaf.standard.processor.StandardDOMEventAttributeTagProcessor
[THYMELEAF]             * [* {th:onended,data-th-onended}] [1000]: org.thymeleaf.standard.processor.StandardDOMEventAttributeTagProcessor
[THYMELEAF]             * [* {th:onkeydown,data-th-onkeydown}] [1000]: org.thymeleaf.standard.processor.StandardDOMEventAttributeTagProcessor
[THYMELEAF]             * [* {th:onforminput,data-th-onforminput}] [1000]: org.thymeleaf.standard.processor.StandardDOMEventAttributeTagProcessor
[THYMELEAF]             * [* {th:onresize,data-th-onresize}] [1000]: org.thymeleaf.standard.processor.StandardDOMEventAttributeTagProcessor
[THYMELEAF]             * [* {th:onbeforeunload,data-th-onbeforeunload}] [1000]: org.thymeleaf.standard.processor.StandardDOMEventAttributeTagProcessor
[THYMELEAF]             * [* {th:ondragover,data-th-ondragover}] [1000]: org.thymeleaf.standard.processor.StandardDOMEventAttributeTagProcessor
[THYMELEAF]             * [* {th:onloadedmetadata,data-th-onloadedmetadata}] [1000]: org.thymeleaf.standard.processor.StandardDOMEventAttributeTagProcessor
[THYMELEAF]             * [* {th:onstalled,data-th-onstalled}] [1000]: org.thymeleaf.standard.processor.StandardDOMEventAttributeTagProcessor
[THYMELEAF]             * [* {th:onkeypress,data-th-onkeypress}] [1000]: org.thymeleaf.standard.processor.StandardDOMEventAttributeTagProcessor
[THYMELEAF]             * [* {th:onloadeddata,data-th-onloadeddata}] [1000]: org.thymeleaf.standard.processor.StandardDOMEventAttributeTagProcessor
[THYMELEAF]             * [* {th:onreadystatechange,data-th-onreadystatechange}] [1000]: org.thymeleaf.standard.processor.StandardDOMEventAttributeTagProcessor
[THYMELEAF]             * [* {th:onselect,data-th-onselect}] [1000]: org.thymeleaf.standard.processor.StandardDOMEventAttributeTagProcessor
[THYMELEAF]             * [* {th:onblur,data-th-onblur}] [1000]: org.thymeleaf.standard.processor.StandardDOMEventAttributeTagProcessor
[THYMELEAF]             * [* {th:onvolumechange,data-th-onvolumechange}] [1000]: org.thymeleaf.standard.processor.StandardDOMEventAttributeTagProcessor
[THYMELEAF]             * [* {th:onformchange,data-th-onformchange}] [1000]: org.thymeleaf.standard.processor.StandardDOMEventAttributeTagProcessor
[THYMELEAF]             * [* {th:ondurationchange,data-th-ondurationchange}] [1000]: org.thymeleaf.standard.processor.StandardDOMEventAttributeTagProcessor
[THYMELEAF]             * [* {th:onshow,data-th-onshow}] [1000]: org.thymeleaf.standard.processor.StandardDOMEventAttributeTagProcessor
[THYMELEAF]             * [* {th:onunload,data-th-onunload}] [1000]: org.thymeleaf.standard.processor.StandardDOMEventAttributeTagProcessor
[THYMELEAF]             * [* {th:onfocus,data-th-onfocus}] [1000]: org.thymeleaf.standard.processor.StandardDOMEventAttributeTagProcessor
[THYMELEAF]             * [* {th:oninput,data-th-oninput}] [1000]: org.thymeleaf.standard.processor.StandardDOMEventAttributeTagProcessor
[THYMELEAF]             * [* {th:onloadstart,data-th-onloadstart}] [1000]: org.thymeleaf.standard.processor.StandardDOMEventAttributeTagProcessor
[THYMELEAF]             * [* {th:onerror,data-th-onerror}] [1000]: org.thymeleaf.standard.processor.StandardDOMEventAttributeTagProcessor
[THYMELEAF]             * [* {th:onprogress,data-th-onprogress}] [1000]: org.thymeleaf.standard.processor.StandardDOMEventAttributeTagProcessor
[THYMELEAF]             * [* {th:ontimeupdate,data-th-ontimeupdate}] [1000]: org.thymeleaf.standard.processor.StandardDOMEventAttributeTagProcessor
[THYMELEAF]             * [* {th:ononline,data-th-ononline}] [1000]: org.thymeleaf.standard.processor.StandardDOMEventAttributeTagProcessor
[THYMELEAF]             * [* {th:onmousemove,data-th-onmousemove}] [1000]: org.thymeleaf.standard.processor.StandardDOMEventAttributeTagProcessor
[THYMELEAF]             * [* {th:oncontextmenu,data-th-oncontextmenu}] [1000]: org.thymeleaf.standard.processor.StandardDOMEventAttributeTagProcessor
[THYMELEAF]             * [* {th:onstorage,data-th-onstorage}] [1000]: org.thymeleaf.standard.processor.StandardDOMEventAttributeTagProcessor
[THYMELEAF]             * [* {th:onmessage,data-th-onmessage}] [1000]: org.thymeleaf.standard.processor.StandardDOMEventAttributeTagProcessor
[THYMELEAF]             * [* {th:onredo,data-th-onredo}] [1000]: org.thymeleaf.standard.processor.StandardDOMEventAttributeTagProcessor
[THYMELEAF]             * [* {th:onclick,data-th-onclick}] [1000]: org.thymeleaf.standard.processor.StandardDOMEventAttributeTagProcessor
[THYMELEAF]             * [* {th:onmouseout,data-th-onmouseout}] [1000]: org.thymeleaf.standard.processor.StandardDOMEventAttributeTagProcessor
[THYMELEAF]             * [* {th:onemptied,data-th-onemptied}] [1000]: org.thymeleaf.standard.processor.StandardDOMEventAttributeTagProcessor
[THYMELEAF]             * [* {th:onload,data-th-onload}] [1000]: org.thymeleaf.standard.processor.StandardDOMEventAttributeTagProcessor
[THYMELEAF]             * [* {th:onmousedown,data-th-onmousedown}] [1000]: org.thymeleaf.standard.processor.StandardDOMEventAttributeTagProcessor
[THYMELEAF]             * [* {th:ondragend,data-th-ondragend}] [1000]: org.thymeleaf.standard.processor.StandardDOMEventAttributeTagProcessor
[THYMELEAF]             * [* {th:onreset,data-th-onreset}] [1000]: org.thymeleaf.standard.processor.StandardDOMEventAttributeTagProcessor
[THYMELEAF]             * [* {th:onpause,data-th-onpause}] [1000]: org.thymeleaf.standard.processor.StandardDOMEventAttributeTagProcessor
[THYMELEAF]             * [* {th:onsuspend,data-th-onsuspend}] [1000]: org.thymeleaf.standard.processor.StandardDOMEventAttributeTagProcessor
[THYMELEAF]             * [* {th:onseeking,data-th-onseeking}] [1000]: org.thymeleaf.standard.processor.StandardDOMEventAttributeTagProcessor
[THYMELEAF]             * [* {th:onratechange,data-th-onratechange}] [1000]: org.thymeleaf.standard.processor.StandardDOMEventAttributeTagProcessor
[THYMELEAF]             * [* {th:onpopstate,data-th-onpopstate}] [1000]: org.thymeleaf.standard.processor.StandardDOMEventAttributeTagProcessor
[THYMELEAF]             * [* {th:oncanplaythrough,data-th-oncanplaythrough}] [1000]: org.thymeleaf.standard.processor.StandardDOMEventAttributeTagProcessor
[THYMELEAF]             * [* {th:onmouseup,data-th-onmouseup}] [1000]: org.thymeleaf.standard.processor.StandardDOMEventAttributeTagProcessor
[THYMELEAF]             * [* {th:oncanplay,data-th-oncanplay}] [1000]: org.thymeleaf.standard.processor.StandardDOMEventAttributeTagProcessor
[THYMELEAF]             * [* {th:onafterprint,data-th-onafterprint}] [1000]: org.thymeleaf.standard.processor.StandardDOMEventAttributeTagProcessor
[THYMELEAF]             * [* {th:onmousewheel,data-th-onmousewheel}] [1000]: org.thymeleaf.standard.processor.StandardDOMEventAttributeTagProcessor
[THYMELEAF]             * [* {th:ondragenter,data-th-ondragenter}] [1000]: org.thymeleaf.standard.processor.StandardDOMEventAttributeTagProcessor
[THYMELEAF]             * [* {th:inline,data-th-inline}] [1000]: org.thymeleaf.standard.processor.StandardInlineHTMLTagProcessor
[THYMELEAF]             * [* {th:type,data-th-type}] [1000]: org.thymeleaf.standard.processor.StandardNonRemovableAttributeTagProcessor
[THYMELEAF]             * [* {th:name,data-th-name}] [1000]: org.thymeleaf.standard.processor.StandardNonRemovableAttributeTagProcessor
[THYMELEAF]             * [* {th:colspan,data-th-colspan}] [1000]: org.thymeleaf.standard.processor.StandardRemovableAttributeTagProcessor
[THYMELEAF]             * [* {th:content,data-th-content}] [1000]: org.thymeleaf.standard.processor.StandardRemovableAttributeTagProcessor
[THYMELEAF]             * [* {th:max,data-th-max}] [1000]: org.thymeleaf.standard.processor.StandardRemovableAttributeTagProcessor
[THYMELEAF]             * [* {th:keytype,data-th-keytype}] [1000]: org.thymeleaf.standard.processor.StandardRemovableAttributeTagProcessor
[THYMELEAF]             * [* {th:border,data-th-border}] [1000]: org.thymeleaf.standard.processor.StandardRemovableAttributeTagProcessor
[THYMELEAF]             * [* {th:kind,data-th-kind}] [1000]: org.thymeleaf.standard.processor.StandardRemovableAttributeTagProcessor
[THYMELEAF]             * [* {th:poster,data-th-poster}] [1000]: org.thymeleaf.standard.processor.StandardRemovableAttributeTagProcessor
[THYMELEAF]             * [* {th:cols,data-th-cols}] [1000]: org.thymeleaf.standard.processor.StandardRemovableAttributeTagProcessor
[THYMELEAF]             * [* {th:contextmenu,data-th-contextmenu}] [1000]: org.thymeleaf.standard.processor.StandardRemovableAttributeTagProcessor
[THYMELEAF]             * [* {th:marginwidth,data-th-marginwidth}] [1000]: org.thymeleaf.standard.processor.StandardRemovableAttributeTagProcessor
[THYMELEAF]             * [* {th:width,data-th-width}] [1000]: org.thymeleaf.standard.processor.StandardRemovableAttributeTagProcessor
[THYMELEAF]             * [* {th:min,data-th-min}] [1000]: org.thymeleaf.standard.processor.StandardRemovableAttributeTagProcessor
[THYMELEAF]             * [* {th:datetime,data-th-datetime}] [1000]: org.thymeleaf.standard.processor.StandardRemovableAttributeTagProcessor
[THYMELEAF]             * [* {th:scrolling,data-th-scrolling}] [1000]: org.thymeleaf.standard.processor.StandardRemovableAttributeTagProcessor
[THYMELEAF]             * [* {th:draggable,data-th-draggable}] [1000]: org.thymeleaf.standard.processor.StandardRemovableAttributeTagProcessor
[THYMELEAF]             * [* {th:archive,data-th-archive}] [1000]: org.thymeleaf.standard.processor.StandardRemovableAttributeTagProcessor
[THYMELEAF]             * [* {th:marginheight,data-th-marginheight}] [1000]: org.thymeleaf.standard.processor.StandardRemovableAttributeTagProcessor
[THYMELEAF]             * [* {th:list,data-th-list}] [1000]: org.thymeleaf.standard.processor.StandardRemovableAttributeTagProcessor
[THYMELEAF]             * [* {th:for,data-th-for}] [1000]: org.thymeleaf.standard.processor.StandardRemovableAttributeTagProcessor
[THYMELEAF]             * [* {th:step,data-th-step}] [1000]: org.thymeleaf.standard.processor.StandardRemovableAttributeTagProcessor
[THYMELEAF]             * [* {th:sizes,data-th-sizes}] [1000]: org.thymeleaf.standard.processor.StandardRemovableAttributeTagProcessor
[THYMELEAF]             * [* {th:codetype,data-th-codetype}] [1000]: org.thymeleaf.standard.processor.StandardRemovableAttributeTagProcessor
[THYMELEAF]             * [* {th:rev,data-th-rev}] [1000]: org.thymeleaf.standard.processor.StandardRemovableAttributeTagProcessor
[THYMELEAF]             * [* {th:frameborder,data-th-frameborder}] [1000]: org.thymeleaf.standard.processor.StandardRemovableAttributeTagProcessor
[THYMELEAF]             * [* {th:srclang,data-th-srclang}] [1000]: org.thymeleaf.standard.processor.StandardRemovableAttributeTagProcessor
[THYMELEAF]             * [* {th:optimum,data-th-optimum}] [1000]: org.thymeleaf.standard.processor.StandardRemovableAttributeTagProcessor
[THYMELEAF]             * [* {th:cellpadding,data-th-cellpadding}] [1000]: org.thymeleaf.standard.processor.StandardRemovableAttributeTagProcessor
[THYMELEAF]             * [* {th:align,data-th-align}] [1000]: org.thymeleaf.standard.processor.StandardRemovableAttributeTagProcessor
[THYMELEAF]             * [* {th:cellspacing,data-th-cellspacing}] [1000]: org.thymeleaf.standard.processor.StandardRemovableAttributeTagProcessor
[THYMELEAF]             * [* {th:headers,data-th-headers}] [1000]: org.thymeleaf.standard.processor.StandardRemovableAttributeTagProcessor
[THYMELEAF]             * [* {th:sandbox,data-th-sandbox}] [1000]: org.thymeleaf.standard.processor.StandardRemovableAttributeTagProcessor
[THYMELEAF]             * [* {th:scheme,data-th-scheme}] [1000]: org.thymeleaf.standard.processor.StandardRemovableAttributeTagProcessor
[THYMELEAF]             * [* {th:dir,data-th-dir}] [1000]: org.thymeleaf.standard.processor.StandardRemovableAttributeTagProcessor
[THYMELEAF]             * [* {th:vspace,data-th-vspace}] [1000]: org.thymeleaf.standard.processor.StandardRemovableAttributeTagProcessor
[THYMELEAF]             * [* {th:size,data-th-size}] [1000]: org.thymeleaf.standard.processor.StandardRemovableAttributeTagProcessor
[THYMELEAF]             * [* {th:manifest,data-th-manifest}] [1000]: org.thymeleaf.standard.processor.StandardRemovableAttributeTagProcessor
[THYMELEAF]             * [* {th:start,data-th-start}] [1000]: org.thymeleaf.standard.processor.StandardRemovableAttributeTagProcessor
[THYMELEAF]             * [* {th:formtarget,data-th-formtarget}] [1000]: org.thymeleaf.standard.processor.StandardRemovableAttributeTagProcessor
[THYMELEAF]             * [* {th:formaction,data-th-formaction}] [1000]: org.thymeleaf.standard.processor.StandardRemovableAttributeTagProcessor
[THYMELEAF]             * [* {th:title,data-th-title}] [1000]: org.thymeleaf.standard.processor.StandardRemovableAttributeTagProcessor
[THYMELEAF]             * [* {th:spellcheck,data-th-spellcheck}] [1000]: org.thymeleaf.standard.processor.StandardRemovableAttributeTagProcessor
[THYMELEAF]             * [* {th:maxlength,data-th-maxlength}] [1000]: org.thymeleaf.standard.processor.StandardRemovableAttributeTagProcessor
[THYMELEAF]             * [* {th:alt,data-th-alt}] [1000]: org.thymeleaf.standard.processor.StandardRemovableAttributeTagProcessor
[THYMELEAF]             * [* {th:compact,data-th-compact}] [1000]: org.thymeleaf.standard.processor.StandardRemovableAttributeTagProcessor
[THYMELEAF]             * [* {th:formenctype,data-th-formenctype}] [1000]: org.thymeleaf.standard.processor.StandardRemovableAttributeTagProcessor
[THYMELEAF]             * [* {th:height,data-th-height}] [1000]: org.thymeleaf.standard.processor.StandardRemovableAttributeTagProcessor
[THYMELEAF]             * [* {th:formmethod,data-th-formmethod}] [1000]: org.thymeleaf.standard.processor.StandardRemovableAttributeTagProcessor
[THYMELEAF]             * [* {th:accept,data-th-accept}] [1000]: org.thymeleaf.standard.processor.StandardRemovableAttributeTagProcessor
[THYMELEAF]             * [* {th:challenge,data-th-challenge}] [1000]: org.thymeleaf.standard.processor.StandardRemovableAttributeTagProcessor
[THYMELEAF]             * [* {th:standby,data-th-standby}] [1000]: org.thymeleaf.standard.processor.StandardRemovableAttributeTagProcessor
[THYMELEAF]             * [* {th:form,data-th-form}] [1000]: org.thymeleaf.standard.processor.StandardRemovableAttributeTagProcessor
[THYMELEAF]             * [* {th:radiogroup,data-th-radiogroup}] [1000]: org.thymeleaf.standard.processor.StandardRemovableAttributeTagProcessor
[THYMELEAF]             * [* {th:http-equiv,data-th-http-equiv}] [1000]: org.thymeleaf.standard.processor.StandardRemovableAttributeTagProcessor
[THYMELEAF]             * [* {th:autocomplete,data-th-autocomplete}] [1000]: org.thymeleaf.standard.processor.StandardRemovableAttributeTagProcessor
[THYMELEAF]             * [* {th:cite,data-th-cite}] [1000]: org.thymeleaf.standard.processor.StandardRemovableAttributeTagProcessor
[THYMELEAF]             * [* {th:style,data-th-style}] [1000]: org.thymeleaf.standard.processor.StandardRemovableAttributeTagProcessor
[THYMELEAF]             * [* {th:rowspan,data-th-rowspan}] [1000]: org.thymeleaf.standard.processor.StandardRemovableAttributeTagProcessor
[THYMELEAF]             * [* {th:high,data-th-high}] [1000]: org.thymeleaf.standard.processor.StandardRemovableAttributeTagProcessor
[THYMELEAF]             * [* {th:accept-charset,data-th-accept-charset}] [1000]: org.thymeleaf.standard.processor.StandardRemovableAttributeTagProcessor
[THYMELEAF]             * [* {th:valuetype,data-th-valuetype}] [1000]: org.thymeleaf.standard.processor.StandardRemovableAttributeTagProcessor
[THYMELEAF]             * [* {th:charset,data-th-charset}] [1000]: org.thymeleaf.standard.processor.StandardRemovableAttributeTagProcessor
[THYMELEAF]             * [* {th:hspace,data-th-hspace}] [1000]: org.thymeleaf.standard.processor.StandardRemovableAttributeTagProcessor
[THYMELEAF]             * [* {th:rules,data-th-rules}] [1000]: org.thymeleaf.standard.processor.StandardRemovableAttributeTagProcessor
[THYMELEAF]             * [* {th:media,data-th-media}] [1000]: org.thymeleaf.standard.processor.StandardRemovableAttributeTagProcessor
[THYMELEAF]             * [* {th:frame,data-th-frame}] [1000]: org.thymeleaf.standard.processor.StandardRemovableAttributeTagProcessor
[THYMELEAF]             * [* {th:background,data-th-background}] [1000]: org.thymeleaf.standard.processor.StandardRemovableAttributeTagProcessor
[THYMELEAF]             * [* {th:placeholder,data-th-placeholder}] [1000]: org.thymeleaf.standard.processor.StandardRemovableAttributeTagProcessor
[THYMELEAF]             * [* {th:dropzone,data-th-dropzone}] [1000]: org.thymeleaf.standard.processor.StandardRemovableAttributeTagProcessor
[THYMELEAF]             * [* {th:hreflang,data-th-hreflang}] [1000]: org.thymeleaf.standard.processor.StandardRemovableAttributeTagProcessor
[THYMELEAF]             * [* {th:enctype,data-th-enctype}] [1000]: org.thymeleaf.standard.processor.StandardRemovableAttributeTagProcessor
[THYMELEAF]             * [* {th:tabindex,data-th-tabindex}] [1000]: org.thymeleaf.standard.processor.StandardRemovableAttributeTagProcessor
[THYMELEAF]             * [* {th:rel,data-th-rel}] [1000]: org.thymeleaf.standard.processor.StandardRemovableAttributeTagProcessor
[THYMELEAF]             * [* {th:abbr,data-th-abbr}] [1000]: org.thymeleaf.standard.processor.StandardRemovableAttributeTagProcessor
[THYMELEAF]             * [* {th:bgcolor,data-th-bgcolor}] [1000]: org.thymeleaf.standard.processor.StandardRemovableAttributeTagProcessor
[THYMELEAF]             * [* {th:lang,data-th-lang}] [1000]: org.thymeleaf.standard.processor.StandardRemovableAttributeTagProcessor
[THYMELEAF]             * [* {th:span,data-th-span}] [1000]: org.thymeleaf.standard.processor.StandardRemovableAttributeTagProcessor
[THYMELEAF]             * [* {th:usemap,data-th-usemap}] [1000]: org.thymeleaf.standard.processor.StandardRemovableAttributeTagProcessor
[THYMELEAF]             * [* {th:axis,data-th-axis}] [1000]: org.thymeleaf.standard.processor.StandardRemovableAttributeTagProcessor
[THYMELEAF]             * [* {th:rows,data-th-rows}] [1000]: org.thymeleaf.standard.processor.StandardRemovableAttributeTagProcessor
[THYMELEAF]             * [* {th:icon,data-th-icon}] [1000]: org.thymeleaf.standard.processor.StandardRemovableAttributeTagProcessor
[THYMELEAF]             * [* {th:data,data-th-data}] [1000]: org.thymeleaf.standard.processor.StandardRemovableAttributeTagProcessor
[THYMELEAF]             * [* {th:wrap,data-th-wrap}] [1000]: org.thymeleaf.standard.processor.StandardRemovableAttributeTagProcessor
[THYMELEAF]             * [* {th:id,data-th-id}] [1000]: org.thymeleaf.standard.processor.StandardRemovableAttributeTagProcessor
[THYMELEAF]             * [* {th:preload,data-th-preload}] [1000]: org.thymeleaf.standard.processor.StandardRemovableAttributeTagProcessor
[THYMELEAF]             * [* {th:target,data-th-target}] [1000]: org.thymeleaf.standard.processor.StandardRemovableAttributeTagProcessor
[THYMELEAF]             * [* {th:summary,data-th-summary}] [1000]: org.thymeleaf.standard.processor.StandardRemovableAttributeTagProcessor
[THYMELEAF]             * [* {th:audio,data-th-audio}] [1000]: org.thymeleaf.standard.processor.StandardRemovableAttributeTagProcessor
[THYMELEAF]             * [* {th:low,data-th-low}] [1000]: org.thymeleaf.standard.processor.StandardRemovableAttributeTagProcessor
[THYMELEAF]             * [* {th:contenteditable,data-th-contenteditable}] [1000]: org.thymeleaf.standard.processor.StandardRemovableAttributeTagProcessor
[THYMELEAF]             * [* {th:longdesc,data-th-longdesc}] [1000]: org.thymeleaf.standard.processor.StandardRemovableAttributeTagProcessor
[THYMELEAF]             * [* {th:class,data-th-class}] [1000]: org.thymeleaf.standard.processor.StandardRemovableAttributeTagProcessor
[THYMELEAF]             * [* {th:pattern,data-th-pattern}] [1000]: org.thymeleaf.standard.processor.StandardRemovableAttributeTagProcessor
[THYMELEAF]             * [* {th:classid,data-th-classid}] [1000]: org.thymeleaf.standard.processor.StandardRemovableAttributeTagProcessor
[THYMELEAF]             * [* {th:accesskey,data-th-accesskey}] [1000]: org.thymeleaf.standard.processor.StandardRemovableAttributeTagProcessor
[THYMELEAF]             * [* {th:scope,data-th-scope}] [1000]: org.thymeleaf.standard.processor.StandardRemovableAttributeTagProcessor
[THYMELEAF]             * [* {th:label,data-th-label}] [1000]: org.thymeleaf.standard.processor.StandardRemovableAttributeTagProcessor
[THYMELEAF]             * [* {th:codebase,data-th-codebase}] [1000]: org.thymeleaf.standard.processor.StandardRemovableAttributeTagProcessor
[THYMELEAF]             * [* {th:xmlbase,data-th-xmlbase}] [1000]: org.thymeleaf.standard.processor.StandardXmlBaseTagProcessor
[THYMELEAF]             * [* {th:xmllang,data-th-xmllang}] [1000]: org.thymeleaf.standard.processor.StandardXmlLangTagProcessor
[THYMELEAF]             * [* {xmlns:th}] [1000]: org.thymeleaf.standard.processor.StandardXmlNsTagProcessor
[THYMELEAF]             * [* {th:xmlspace,data-th-xmlspace}] [1000]: org.thymeleaf.standard.processor.StandardXmlSpaceTagProcessor
[THYMELEAF]             * [{option} *] [1005]: org.thymeleaf.spring5.processor.SpringOptionInSelectFieldTagProcessor
[THYMELEAF]             * [* {th:value,data-th-value}] [1010]: org.thymeleaf.spring5.processor.SpringValueTagProcessor
[THYMELEAF]             * [* {th:classappend,data-th-classappend}] [1100]: org.thymeleaf.standard.processor.StandardClassappendTagProcessor
[THYMELEAF]             * [* {th:styleappend,data-th-styleappend}] [1100]: org.thymeleaf.standard.processor.StandardStyleappendTagProcessor
[THYMELEAF]             * [* {th:text,data-th-text}] [1300]: org.thymeleaf.standard.processor.StandardTextTagProcessor
[THYMELEAF]             * [* {th:utext,data-th-utext}] [1400]: org.thymeleaf.standard.processor.StandardUtextTagProcessor
[THYMELEAF]             * [* {th:fragment,data-th-fragment}] [1500]: org.thymeleaf.standard.processor.StandardFragmentTagProcessor
[THYMELEAF]             * [* {th:assert,data-th-assert}] [1550]: org.thymeleaf.standard.processor.StandardAssertTagProcessor
[THYMELEAF]             * [* {th:remove,data-th-remove}] [1600]: org.thymeleaf.standard.processor.StandardRemoveTagProcessor
[THYMELEAF]             * [* {th:errors,data-th-errors}] [1700]: org.thymeleaf.spring5.processor.SpringErrorsTagProcessor
[THYMELEAF]             * [{input} {th:field,data-th-field}] [1700]: org.thymeleaf.spring5.processor.SpringInputCheckboxFieldTagProcessor
[THYMELEAF]             * [{input} {th:field,data-th-field}] [1700]: org.thymeleaf.spring5.processor.SpringInputFileFieldTagProcessor
[THYMELEAF]             * [{input} {th:field,data-th-field}] [1700]: org.thymeleaf.spring5.processor.SpringInputGeneralFieldTagProcessor
[THYMELEAF]             * [{input} {th:field,data-th-field}] [1700]: org.thymeleaf.spring5.processor.SpringInputPasswordFieldTagProcessor
[THYMELEAF]             * [{input} {th:field,data-th-field}] [1700]: org.thymeleaf.spring5.processor.SpringInputRadioFieldTagProcessor
[THYMELEAF]             * [{option} {th:field,data-th-field}] [1700]: org.thymeleaf.spring5.processor.SpringOptionFieldTagProcessor
[THYMELEAF]             * [{select} {th:field,data-th-field}] [1700]: org.thymeleaf.spring5.processor.SpringSelectFieldTagProcessor
[THYMELEAF]             * [{textarea} {th:field,data-th-field}] [1700]: org.thymeleaf.spring5.processor.SpringTextareaFieldTagProcessor
[THYMELEAF]             * [* {th:uerrors,data-th-uerrors}] [1700]: org.thymeleaf.spring5.processor.SpringUErrorsTagProcessor
[THYMELEAF]             * [* {th:errorclass,data-th-errorclass}] [1800]: org.thymeleaf.spring5.processor.SpringErrorClassTagProcessor
[THYMELEAF]             * [* {th:ref,data-th-ref}] [10000]: org.thymeleaf.standard.processor.StandardRefAttributeTagProcessor
[THYMELEAF]             * [{th:block,th-block} *] [100000]: org.thymeleaf.standard.processor.StandardBlockTagProcessor
[THYMELEAF]             * [* th:*] [2147483647]: org.thymeleaf.standard.processor.StandardDefaultAttributesTagProcessor
[THYMELEAF]         * Text Processors by [precedence]:
[THYMELEAF]             * [1000]: org.thymeleaf.standard.processor.StandardInliningTextProcessor
[THYMELEAF]         * DOCTYPE Processors by [precedence]:
[THYMELEAF]             * [1000]: org.thymeleaf.standard.processor.StandardTranslationDocTypeProcessor
[THYMELEAF]         * CDATA Section Processors by [precedence]:
[THYMELEAF]             * [1000]: org.thymeleaf.standard.processor.StandardInliningCDATASectionProcessor
[THYMELEAF]         * Comment Processors by [precedence]:
[THYMELEAF]             * [1000]: org.thymeleaf.standard.processor.StandardInliningCommentProcessor
[THYMELEAF]             * [1100]: org.thymeleaf.standard.processor.StandardConditionalCommentProcessor
[THYMELEAF]     * Processors for Template Mode: XML
[THYMELEAF]         * Element Tag Processors by [matching element and attribute name] [precedence]:
[THYMELEAF]             * [* {th:include}] [100]: org.thymeleaf.standard.processor.StandardIncludeTagProcessor
[THYMELEAF]             * [* {th:insert}] [100]: org.thymeleaf.standard.processor.StandardInsertTagProcessor
[THYMELEAF]             * [* {th:replace}] [100]: org.thymeleaf.standard.processor.StandardReplaceTagProcessor
[THYMELEAF]             * [* {th:substituteby}] [100]: org.thymeleaf.standard.processor.StandardSubstituteByTagProcessor
[THYMELEAF]             * [* {th:each}] [200]: org.thymeleaf.standard.processor.StandardEachTagProcessor
[THYMELEAF]             * [* {th:switch}] [250]: org.thymeleaf.standard.processor.StandardSwitchTagProcessor
[THYMELEAF]             * [* {th:case}] [275]: org.thymeleaf.standard.processor.StandardCaseTagProcessor
[THYMELEAF]             * [* {th:if}] [300]: org.thymeleaf.standard.processor.StandardIfTagProcessor
[THYMELEAF]             * [* {th:unless}] [400]: org.thymeleaf.standard.processor.StandardUnlessTagProcessor
[THYMELEAF]             * [* {th:object}] [500]: org.thymeleaf.standard.processor.StandardObjectTagProcessor
[THYMELEAF]             * [* {th:with}] [600]: org.thymeleaf.standard.processor.StandardWithTagProcessor
[THYMELEAF]             * [* {th:attr}] [700]: org.thymeleaf.standard.processor.StandardAttrTagProcessor
[THYMELEAF]             * [* {th:attrprepend}] [800]: org.thymeleaf.standard.processor.StandardAttrprependTagProcessor
[THYMELEAF]             * [* {th:attrappend}] [900]: org.thymeleaf.standard.processor.StandardAttrappendTagProcessor
[THYMELEAF]             * [* {th:inline}] [1000]: org.thymeleaf.standard.processor.StandardInlineXMLTagProcessor
[THYMELEAF]             * [* {xmlns:th}] [1000]: org.thymeleaf.standard.processor.StandardXmlNsTagProcessor
[THYMELEAF]             * [* {th:text}] [1300]: org.thymeleaf.standard.processor.StandardTextTagProcessor
[THYMELEAF]             * [* {th:utext}] [1400]: org.thymeleaf.standard.processor.StandardUtextTagProcessor
[THYMELEAF]             * [* {th:fragment}] [1500]: org.thymeleaf.standard.processor.StandardFragmentTagProcessor
[THYMELEAF]             * [* {th:assert}] [1550]: org.thymeleaf.standard.processor.StandardAssertTagProcessor
[THYMELEAF]             * [* {th:remove}] [1600]: org.thymeleaf.standard.processor.StandardRemoveTagProcessor
[THYMELEAF]             * [* {th:ref}] [10000]: org.thymeleaf.standard.processor.StandardRefAttributeTagProcessor
[THYMELEAF]             * [{th:block} *] [100000]: org.thymeleaf.standard.processor.StandardBlockTagProcessor
[THYMELEAF]             * [* th:*] [2147483647]: org.thymeleaf.standard.processor.StandardDefaultAttributesTagProcessor
[THYMELEAF]         * Text Processors by [precedence]:
[THYMELEAF]             * [1000]: org.thymeleaf.standard.processor.StandardInliningTextProcessor
[THYMELEAF]         * CDATA Section Processors by [precedence]:
[THYMELEAF]             * [1000]: org.thymeleaf.standard.processor.StandardInliningCDATASectionProcessor
[THYMELEAF]         * Comment Processors by [precedence]:
[THYMELEAF]             * [1000]: org.thymeleaf.standard.processor.StandardInliningCommentProcessor
[THYMELEAF]     * Processors for Template Mode: TEXT
[THYMELEAF]         * Element Tag Processors by [matching element and attribute name] [precedence]:
[THYMELEAF]             * [* {th:insert}] [100]: org.thymeleaf.standard.processor.StandardInsertTagProcessor
[THYMELEAF]             * [* {th:replace}] [100]: org.thymeleaf.standard.processor.StandardReplaceTagProcessor
[THYMELEAF]             * [* {th:each}] [200]: org.thymeleaf.standard.processor.StandardEachTagProcessor
[THYMELEAF]             * [* {th:switch}] [250]: org.thymeleaf.standard.processor.StandardSwitchTagProcessor
[THYMELEAF]             * [* {th:case}] [275]: org.thymeleaf.standard.processor.StandardCaseTagProcessor
[THYMELEAF]             * [* {th:if}] [300]: org.thymeleaf.standard.processor.StandardIfTagProcessor
[THYMELEAF]             * [* {th:unless}] [400]: org.thymeleaf.standard.processor.StandardUnlessTagProcessor
[THYMELEAF]             * [* {th:object}] [500]: org.thymeleaf.standard.processor.StandardObjectTagProcessor
[THYMELEAF]             * [* {th:with}] [600]: org.thymeleaf.standard.processor.StandardWithTagProcessor
[THYMELEAF]             * [* {th:inline}] [1000]: org.thymeleaf.standard.processor.StandardInlineTextualTagProcessor
[THYMELEAF]             * [* {th:text}] [1300]: org.thymeleaf.standard.processor.StandardTextTagProcessor
[THYMELEAF]             * [* {th:utext}] [1400]: org.thymeleaf.standard.processor.StandardUtextTagProcessor
[THYMELEAF]             * [* {th:assert}] [1550]: org.thymeleaf.standard.processor.StandardAssertTagProcessor
[THYMELEAF]             * [* {th:remove}] [1600]: org.thymeleaf.standard.processor.StandardRemoveTagProcessor
[THYMELEAF]             * [{th:block} *] [100000]: org.thymeleaf.standard.processor.StandardBlockTagProcessor
[THYMELEAF]             * [* 100000] [org.thymeleaf.standard.processor.StandardBlockTagProcessor]: {}
[THYMELEAF]         * Text Processors by [precedence]:
[THYMELEAF]             * [1000]: org.thymeleaf.standard.processor.StandardInliningTextProcessor
[THYMELEAF]     * Processors for Template Mode: JAVASCRIPT
[THYMELEAF]         * Element Tag Processors by [matching element and attribute name] [precedence]:
[THYMELEAF]             * [* {th:insert}] [100]: org.thymeleaf.standard.processor.StandardInsertTagProcessor
[THYMELEAF]             * [* {th:replace}] [100]: org.thymeleaf.standard.processor.StandardReplaceTagProcessor
[THYMELEAF]             * [* {th:each}] [200]: org.thymeleaf.standard.processor.StandardEachTagProcessor
[THYMELEAF]             * [* {th:switch}] [250]: org.thymeleaf.standard.processor.StandardSwitchTagProcessor
[THYMELEAF]             * [* {th:case}] [275]: org.thymeleaf.standard.processor.StandardCaseTagProcessor
[THYMELEAF]             * [* {th:if}] [300]: org.thymeleaf.standard.processor.StandardIfTagProcessor
[THYMELEAF]             * [* {th:unless}] [400]: org.thymeleaf.standard.processor.StandardUnlessTagProcessor
[THYMELEAF]             * [* {th:object}] [500]: org.thymeleaf.standard.processor.StandardObjectTagProcessor
[THYMELEAF]             * [* {th:with}] [600]: org.thymeleaf.standard.processor.StandardWithTagProcessor
[THYMELEAF]             * [* {th:inline}] [1000]: org.thymeleaf.standard.processor.StandardInlineTextualTagProcessor
[THYMELEAF]             * [* {th:text}] [1300]: org.thymeleaf.standard.processor.StandardTextTagProcessor
[THYMELEAF]             * [* {th:utext}] [1400]: org.thymeleaf.standard.processor.StandardUtextTagProcessor
[THYMELEAF]             * [* {th:assert}] [1550]: org.thymeleaf.standard.processor.StandardAssertTagProcessor
[THYMELEAF]             * [* {th:remove}] [1600]: org.thymeleaf.standard.processor.StandardRemoveTagProcessor
[THYMELEAF]             * [{th:block} *] [100000]: org.thymeleaf.standard.processor.StandardBlockTagProcessor
[THYMELEAF]             * [* 100000] [org.thymeleaf.standard.processor.StandardBlockTagProcessor]: {}
[THYMELEAF]         * Text Processors by [precedence]:
[THYMELEAF]             * [1000]: org.thymeleaf.standard.processor.StandardInliningTextProcessor
[THYMELEAF]     * Processors for Template Mode: CSS
[THYMELEAF]         * Element Tag Processors by [matching element and attribute name] [precedence]:
[THYMELEAF]             * [* {th:insert}] [100]: org.thymeleaf.standard.processor.StandardInsertTagProcessor
[THYMELEAF]             * [* {th:replace}] [100]: org.thymeleaf.standard.processor.StandardReplaceTagProcessor
[THYMELEAF]             * [* {th:each}] [200]: org.thymeleaf.standard.processor.StandardEachTagProcessor
[THYMELEAF]             * [* {th:switch}] [250]: org.thymeleaf.standard.processor.StandardSwitchTagProcessor
[THYMELEAF]             * [* {th:case}] [275]: org.thymeleaf.standard.processor.StandardCaseTagProcessor
[THYMELEAF]             * [* {th:if}] [300]: org.thymeleaf.standard.processor.StandardIfTagProcessor
[THYMELEAF]             * [* {th:unless}] [400]: org.thymeleaf.standard.processor.StandardUnlessTagProcessor
[THYMELEAF]             * [* {th:object}] [500]: org.thymeleaf.standard.processor.StandardObjectTagProcessor
[THYMELEAF]             * [* {th:with}] [600]: org.thymeleaf.standard.processor.StandardWithTagProcessor
[THYMELEAF]             * [* {th:inline}] [1000]: org.thymeleaf.standard.processor.StandardInlineTextualTagProcessor
[THYMELEAF]             * [* {th:text}] [1300]: org.thymeleaf.standard.processor.StandardTextTagProcessor
[THYMELEAF]             * [* {th:utext}] [1400]: org.thymeleaf.standard.processor.StandardUtextTagProcessor
[THYMELEAF]             * [* {th:assert}] [1550]: org.thymeleaf.standard.processor.StandardAssertTagProcessor
[THYMELEAF]             * [* {th:remove}] [1600]: org.thymeleaf.standard.processor.StandardRemoveTagProcessor
[THYMELEAF]             * [{th:block} *] [100000]: org.thymeleaf.standard.processor.StandardBlockTagProcessor
[THYMELEAF]             * [* 100000] [org.thymeleaf.standard.processor.StandardBlockTagProcessor]: {}
[THYMELEAF]         * Text Processors by [precedence]:
[THYMELEAF]             * [1000]: org.thymeleaf.standard.processor.StandardInliningTextProcessor
[THYMELEAF]     * Expression Objects:
[THYMELEAF]         * #ctx
[THYMELEAF]         * #root
[THYMELEAF]         * #vars
[THYMELEAF]         * #object
[THYMELEAF]         * #locale
[THYMELEAF]         * #request
[THYMELEAF]         * #response
[THYMELEAF]         * #session
[THYMELEAF]         * #servletContext
[THYMELEAF]         * #conversions
[THYMELEAF]         * #uris
[THYMELEAF]         * #calendars
[THYMELEAF]         * #dates
[THYMELEAF]         * #bools
[THYMELEAF]         * #numbers
[THYMELEAF]         * #objects
[THYMELEAF]         * #strings
[THYMELEAF]         * #arrays
[THYMELEAF]         * #lists
[THYMELEAF]         * #sets
[THYMELEAF]         * #maps
[THYMELEAF]         * #aggregates
[THYMELEAF]         * #messages
[THYMELEAF]         * #ids
[THYMELEAF]         * #execInfo
[THYMELEAF]         * #httpServletRequest
[THYMELEAF]         * #httpSession
[THYMELEAF]         * #fields
[THYMELEAF]         * #themes
[THYMELEAF]         * #mvc
[THYMELEAF]         * #requestdatavalues
[THYMELEAF]     * Execution Attributes:
[THYMELEAF]         * "StandardExpressionParser": Standard Expression Parser
[THYMELEAF]         * "StandardJavaScriptSerializer": org.thymeleaf.standard.serializer.StandardJavaScriptSerializer@76ab49b5
[THYMELEAF]         * "StandardCSSSerializer": org.thymeleaf.standard.serializer.StandardCSSSerializer@7fea956b
[THYMELEAF]         * "EnableSpringELCompiler": false
[THYMELEAF]         * "StandardVariableExpressionEvaluator": SpringEL
[THYMELEAF]         * "StandardConversionService": org.thymeleaf.spring5.expression.SpringStandardConversionService@73de5b5b
[THYMELEAF] TEMPLATE ENGINE CONFIGURED OK
11:31:22.533 [main] DEBUG org.thymeleaf.TemplateEngine - [THYMELEAF] TEMPLATE ENGINE INITIALIZED
]]></system-out>
  </testcase>
</testsuite>